{
  "C:\\Users\\Ansyar\\Documents\\Upskilling\\mobile-apps\\habit-buddy\\app\\parent-dashboard.tsx": {
    "path": "C:\\Users\\Ansyar\\Documents\\Upskilling\\mobile-apps\\habit-buddy\\app\\parent-dashboard.tsx",
    "statementMap": {
      "0": { "start": { "line": 30, "column": 8 }, "end": { "line": 30, "column": null } },
      "1": { "start": { "line": 31, "column": 18 }, "end": { "line": 31, "column": null } },
      "2": { "start": { "line": 32, "column": 24 }, "end": { "line": 32, "column": null } },
      "3": { "start": { "line": 33, "column": 28 }, "end": { "line": 33, "column": null } },
      "4": { "start": { "line": 34, "column": 16 }, "end": { "line": 34, "column": null } },
      "5": { "start": { "line": 36, "column": 20 }, "end": { "line": 43, "column": null } },
      "6": { "start": { "line": 37, "column": 4 }, "end": { "line": 42, "column": null } },
      "7": { "start": { "line": 38, "column": 6 }, "end": { "line": 38, "column": null } },
      "8": { "start": { "line": 39, "column": 19 }, "end": { "line": 39, "column": null } },
      "9": { "start": { "line": 40, "column": 6 }, "end": { "line": 40, "column": null } },
      "10": { "start": { "line": 41, "column": 6 }, "end": { "line": 41, "column": null } },
      "11": { "start": { "line": 45, "column": 2 }, "end": { "line": 47, "column": null } },
      "12": { "start": { "line": 46, "column": 4 }, "end": { "line": 46, "column": null } },
      "13": { "start": { "line": 49, "column": 27 }, "end": { "line": 67, "column": null } },
      "14": { "start": { "line": 50, "column": 4 }, "end": { "line": 66, "column": null } },
      "15": { "start": { "line": 59, "column": 12 }, "end": { "line": 62, "column": null } },
      "16": { "start": { "line": 60, "column": 14 }, "end": { "line": 60, "column": null } },
      "17": { "start": { "line": 61, "column": 14 }, "end": { "line": 61, "column": null } },
      "18": { "start": { "line": 69, "column": 2 }, "end": { "line": 75, "column": null } },
      "19": { "start": { "line": 70, "column": 4 }, "end": { "line": 73, "column": null } },
      "20": { "start": { "line": 78, "column": 19 }, "end": { "line": 78, "column": null } },
      "21": { "start": { "line": 79, "column": 24 }, "end": { "line": 79, "column": null } },
      "22": { "start": { "line": 81, "column": 2 }, "end": { "line": 230, "column": null } },
      "23": { "start": { "line": 90, "column": 12 }, "end": { "line": 97, "column": null } },
      "24": { "start": { "line": 91, "column": 29 }, "end": { "line": 91, "column": null } },
      "25": { "start": { "line": 100, "column": 12 }, "end": { "line": 110, "column": null } },
      "26": { "start": { "line": 103, "column": 31 }, "end": { "line": 103, "column": null } },
      "27": { "start": { "line": 169, "column": 14 }, "end": { "line": 174, "column": null } },
      "28": { "start": { "line": 187, "column": 14 }, "end": { "line": 203, "column": null } },
      "29": { "start": { "line": 222, "column": 27 }, "end": { "line": 222, "column": null } },
      "30": { "start": { "line": 234, "column": 15 }, "end": { "line": 402, "column": null } }
    },
    "fnMap": {
      "0": {
        "name": "ParentDashboardScreen",
        "decl": { "start": { "line": 29, "column": 24 }, "end": { "line": 29, "column": 48 } },
        "loc": { "start": { "line": 29, "column": 48 }, "end": { "line": 232, "column": null } },
        "line": 29
      },
      "1": {
        "name": "(anonymous_1)",
        "decl": { "start": { "line": 36, "column": 38 }, "end": { "line": 36, "column": 50 } },
        "loc": { "start": { "line": 36, "column": 50 }, "end": { "line": 43, "column": 5 } },
        "line": 36
      },
      "2": {
        "name": "(anonymous_2)",
        "decl": { "start": { "line": 45, "column": 12 }, "end": { "line": 45, "column": 18 } },
        "loc": { "start": { "line": 45, "column": 18 }, "end": { "line": 47, "column": 5 } },
        "line": 45
      },
      "3": {
        "name": "(anonymous_3)",
        "decl": { "start": { "line": 49, "column": 27 }, "end": { "line": 49, "column": 39 } },
        "loc": { "start": { "line": 49, "column": 39 }, "end": { "line": 67, "column": null } },
        "line": 49
      },
      "4": {
        "name": "(anonymous_4)",
        "decl": { "start": { "line": 58, "column": 19 }, "end": { "line": 58, "column": 31 } },
        "loc": { "start": { "line": 58, "column": 31 }, "end": { "line": 63, "column": null } },
        "line": 58
      },
      "5": {
        "name": "(anonymous_5)",
        "decl": { "start": { "line": 89, "column": 22 }, "end": { "line": 89, "column": null } },
        "loc": { "start": { "line": 90, "column": 12 }, "end": { "line": 97, "column": null } },
        "line": 90
      },
      "6": {
        "name": "(anonymous_6)",
        "decl": { "start": { "line": 91, "column": 23 }, "end": { "line": 91, "column": 29 } },
        "loc": { "start": { "line": 91, "column": 29 }, "end": { "line": 91, "column": null } },
        "line": 91
      },
      "7": {
        "name": "(anonymous_7)",
        "decl": { "start": { "line": 99, "column": 23 }, "end": { "line": 99, "column": null } },
        "loc": { "start": { "line": 100, "column": 12 }, "end": { "line": 110, "column": null } },
        "line": 100
      },
      "8": {
        "name": "(anonymous_8)",
        "decl": { "start": { "line": 103, "column": 25 }, "end": { "line": 103, "column": 31 } },
        "loc": { "start": { "line": 103, "column": 31 }, "end": { "line": 103, "column": null } },
        "line": 103
      },
      "9": {
        "name": "(anonymous_9)",
        "decl": { "start": { "line": 168, "column": 38 }, "end": { "line": 168, "column": 39 } },
        "loc": { "start": { "line": 169, "column": 14 }, "end": { "line": 174, "column": null } },
        "line": 169
      },
      "10": {
        "name": "(anonymous_10)",
        "decl": { "start": { "line": 186, "column": 38 }, "end": { "line": 186, "column": 39 } },
        "loc": { "start": { "line": 187, "column": 14 }, "end": { "line": 203, "column": null } },
        "line": 187
      },
      "11": {
        "name": "(anonymous_11)",
        "decl": { "start": { "line": 222, "column": 21 }, "end": { "line": 222, "column": 27 } },
        "loc": { "start": { "line": 222, "column": 27 }, "end": { "line": 222, "column": null } },
        "line": 222
      }
    },
    "branchMap": {
      "0": {
        "loc": { "start": { "line": 37, "column": 4 }, "end": { "line": 42, "column": null } },
        "type": "if",
        "locations": [
          { "start": { "line": 37, "column": 4 }, "end": { "line": 42, "column": null } },
          { "start": {}, "end": {} }
        ],
        "line": 37
      },
      "1": {
        "loc": { "start": { "line": 59, "column": 12 }, "end": { "line": 62, "column": null } },
        "type": "if",
        "locations": [
          { "start": { "line": 59, "column": 12 }, "end": { "line": 62, "column": null } },
          { "start": {}, "end": {} }
        ],
        "line": 59
      },
      "2": {
        "loc": { "start": { "line": 69, "column": 2 }, "end": { "line": 75, "column": null } },
        "type": "if",
        "locations": [
          { "start": { "line": 69, "column": 2 }, "end": { "line": 75, "column": null } },
          { "start": {}, "end": {} }
        ],
        "line": 69
      },
      "3": {
        "loc": { "start": { "line": 69, "column": 6 }, "end": { "line": 69, "column": 25 } },
        "type": "binary-expr",
        "locations": [
          { "start": { "line": 69, "column": 6 }, "end": { "line": 69, "column": 17 } },
          { "start": { "line": 69, "column": 17 }, "end": { "line": 69, "column": 25 } }
        ],
        "line": 69
      },
      "4": {
        "loc": { "start": { "line": 117, "column": 10 }, "end": { "line": 117, "column": null } },
        "type": "binary-expr",
        "locations": [
          { "start": { "line": 117, "column": 10 }, "end": { "line": 117, "column": 27 } },
          { "start": { "line": 117, "column": 27 }, "end": { "line": 117, "column": null } }
        ],
        "line": 117
      },
      "5": {
        "loc": { "start": { "line": 127, "column": 42 }, "end": { "line": 127, "column": 76 } },
        "type": "binary-expr",
        "locations": [
          { "start": { "line": 127, "column": 42 }, "end": { "line": 127, "column": 54 } },
          { "start": { "line": 127, "column": 54 }, "end": { "line": 127, "column": 76 } }
        ],
        "line": 127
      },
      "6": {
        "loc": { "start": { "line": 129, "column": 39 }, "end": { "line": 129, "column": 72 } },
        "type": "binary-expr",
        "locations": [
          { "start": { "line": 129, "column": 39 }, "end": { "line": 129, "column": 51 } },
          { "start": { "line": 129, "column": 51 }, "end": { "line": 129, "column": 72 } }
        ],
        "line": 129
      },
      "7": {
        "loc": { "start": { "line": 130, "column": 51 }, "end": { "line": 130, "column": 86 } },
        "type": "binary-expr",
        "locations": [
          { "start": { "line": 130, "column": 51 }, "end": { "line": 130, "column": 85 } },
          { "start": { "line": 130, "column": 85 }, "end": { "line": 130, "column": 86 } }
        ],
        "line": 130
      },
      "8": {
        "loc": { "start": { "line": 132, "column": 46 }, "end": { "line": 132, "column": 82 } },
        "type": "binary-expr",
        "locations": [
          { "start": { "line": 132, "column": 46 }, "end": { "line": 132, "column": 80 } },
          { "start": { "line": 132, "column": 80 }, "end": { "line": 132, "column": 82 } }
        ],
        "line": 132
      },
      "9": {
        "loc": { "start": { "line": 136, "column": 39 }, "end": { "line": 136, "column": 72 } },
        "type": "binary-expr",
        "locations": [
          { "start": { "line": 136, "column": 39 }, "end": { "line": 136, "column": 51 } },
          { "start": { "line": 136, "column": 51 }, "end": { "line": 136, "column": 72 } }
        ],
        "line": 136
      },
      "10": {
        "loc": { "start": { "line": 137, "column": 50 }, "end": { "line": 137, "column": 84 } },
        "type": "binary-expr",
        "locations": [
          { "start": { "line": 137, "column": 50 }, "end": { "line": 137, "column": 83 } },
          { "start": { "line": 137, "column": 83 }, "end": { "line": 137, "column": 84 } }
        ],
        "line": 137
      },
      "11": {
        "loc": { "start": { "line": 139, "column": 46 }, "end": { "line": 139, "column": 81 } },
        "type": "binary-expr",
        "locations": [
          { "start": { "line": 139, "column": 46 }, "end": { "line": 139, "column": 79 } },
          { "start": { "line": 139, "column": 79 }, "end": { "line": 139, "column": 81 } }
        ],
        "line": 139
      },
      "12": {
        "loc": { "start": { "line": 143, "column": 39 }, "end": { "line": 143, "column": 72 } },
        "type": "binary-expr",
        "locations": [
          { "start": { "line": 143, "column": 39 }, "end": { "line": 143, "column": 51 } },
          { "start": { "line": 143, "column": 51 }, "end": { "line": 143, "column": 72 } }
        ],
        "line": 143
      },
      "13": {
        "loc": { "start": { "line": 144, "column": 54 }, "end": { "line": 144, "column": 92 } },
        "type": "binary-expr",
        "locations": [
          { "start": { "line": 144, "column": 54 }, "end": { "line": 144, "column": 91 } },
          { "start": { "line": 144, "column": 91 }, "end": { "line": 144, "column": 92 } }
        ],
        "line": 144
      },
      "14": {
        "loc": { "start": { "line": 146, "column": 46 }, "end": { "line": 146, "column": 85 } },
        "type": "binary-expr",
        "locations": [
          { "start": { "line": 146, "column": 46 }, "end": { "line": 146, "column": 83 } },
          { "start": { "line": 146, "column": 83 }, "end": { "line": 146, "column": 85 } }
        ],
        "line": 146
      },
      "15": {
        "loc": { "start": { "line": 150, "column": 39 }, "end": { "line": 150, "column": 72 } },
        "type": "binary-expr",
        "locations": [
          { "start": { "line": 150, "column": 39 }, "end": { "line": 150, "column": 51 } },
          { "start": { "line": 150, "column": 51 }, "end": { "line": 150, "column": 72 } }
        ],
        "line": 150
      },
      "16": {
        "loc": { "start": { "line": 151, "column": 52 }, "end": { "line": 151, "column": 99 } },
        "type": "binary-expr",
        "locations": [
          { "start": { "line": 151, "column": 52 }, "end": { "line": 151, "column": 94 } },
          { "start": { "line": 151, "column": 94 }, "end": { "line": 151, "column": 99 } }
        ],
        "line": 151
      },
      "17": {
        "loc": { "start": { "line": 154, "column": 17 }, "end": { "line": 154, "column": null } },
        "type": "binary-expr",
        "locations": [
          { "start": { "line": 154, "column": 17 }, "end": { "line": 154, "column": 59 } },
          { "start": { "line": 154, "column": 59 }, "end": { "line": 154, "column": null } }
        ],
        "line": 154
      },
      "18": {
        "loc": { "start": { "line": 171, "column": 29 }, "end": { "line": 171, "column": null } },
        "type": "cond-expr",
        "locations": [
          { "start": { "line": 171, "column": 50 }, "end": { "line": 171, "column": 70 } },
          { "start": { "line": 171, "column": 70 }, "end": { "line": 171, "column": null } }
        ],
        "line": 171
      },
      "19": {
        "loc": { "start": { "line": 172, "column": 19 }, "end": { "line": 172, "column": null } },
        "type": "cond-expr",
        "locations": [
          { "start": { "line": 172, "column": 40 }, "end": { "line": 172, "column": 56 } },
          { "start": { "line": 172, "column": 56 }, "end": { "line": 172, "column": null } }
        ],
        "line": 172
      },
      "20": {
        "loc": { "start": { "line": 195, "column": 20 }, "end": { "line": 195, "column": null } },
        "type": "cond-expr",
        "locations": [
          { "start": { "line": 195, "column": 45 }, "end": { "line": 195, "column": 71 } },
          { "start": { "line": 195, "column": 71 }, "end": { "line": 195, "column": null } }
        ],
        "line": 195
      }
    },
    "s": {
      "0": 13,
      "1": 13,
      "2": 13,
      "3": 13,
      "4": 13,
      "5": 13,
      "6": 7,
      "7": 7,
      "8": 7,
      "9": 7,
      "10": 7,
      "11": 13,
      "12": 6,
      "13": 13,
      "14": 2,
      "15": 1,
      "16": 1,
      "17": 1,
      "18": 13,
      "19": 6,
      "20": 7,
      "21": 7,
      "22": 7,
      "23": 6,
      "24": 1,
      "25": 6,
      "26": 1,
      "27": 21,
      "28": 13,
      "29": 1,
      "30": 2
    },
    "f": {
      "0": 13,
      "1": 7,
      "2": 6,
      "3": 2,
      "4": 1,
      "5": 6,
      "6": 1,
      "7": 6,
      "8": 1,
      "9": 21,
      "10": 13,
      "11": 1
    },
    "b": {
      "0": [7, 0],
      "1": [1, 0],
      "2": [6, 7],
      "3": [13, 6],
      "4": [7, 0],
      "5": [13, 0],
      "6": [13, 0],
      "7": [13, 0],
      "8": [13, 0],
      "9": [13, 0],
      "10": [13, 0],
      "11": [13, 0],
      "12": [13, 0],
      "13": [13, 0],
      "14": [13, 0],
      "15": [13, 0],
      "16": [13, 0],
      "17": [13, 0],
      "18": [13, 8],
      "19": [13, 8],
      "20": [7, 6]
    },
    "meta": {
      "lastBranch": 21,
      "lastFunction": 12,
      "lastStatement": 31,
      "seen": {
        "f:29:24:29:48": 0,
        "s:30:8:30:Infinity": 0,
        "s:31:18:31:Infinity": 1,
        "s:32:24:32:Infinity": 2,
        "s:33:28:33:Infinity": 3,
        "s:34:16:34:Infinity": 4,
        "s:36:20:43:Infinity": 5,
        "f:36:38:36:50": 1,
        "b:37:4:42:Infinity:undefined:undefined:undefined:undefined": 0,
        "s:37:4:42:Infinity": 6,
        "s:38:6:38:Infinity": 7,
        "s:39:19:39:Infinity": 8,
        "s:40:6:40:Infinity": 9,
        "s:41:6:41:Infinity": 10,
        "s:45:2:47:Infinity": 11,
        "f:45:12:45:18": 2,
        "s:46:4:46:Infinity": 12,
        "s:49:27:67:Infinity": 13,
        "f:49:27:49:39": 3,
        "s:50:4:66:Infinity": 14,
        "f:58:19:58:31": 4,
        "b:59:12:62:Infinity:undefined:undefined:undefined:undefined": 1,
        "s:59:12:62:Infinity": 15,
        "s:60:14:60:Infinity": 16,
        "s:61:14:61:Infinity": 17,
        "b:69:2:75:Infinity:undefined:undefined:undefined:undefined": 2,
        "s:69:2:75:Infinity": 18,
        "b:69:6:69:17:69:17:69:25": 3,
        "s:70:4:73:Infinity": 19,
        "s:78:19:78:Infinity": 20,
        "s:79:24:79:Infinity": 21,
        "s:81:2:230:Infinity": 22,
        "f:89:22:89:Infinity": 5,
        "s:90:12:97:Infinity": 23,
        "f:91:23:91:29": 6,
        "s:91:29:91:Infinity": 24,
        "f:99:23:99:Infinity": 7,
        "s:100:12:110:Infinity": 25,
        "f:103:25:103:31": 8,
        "s:103:31:103:Infinity": 26,
        "b:117:10:117:27:117:27:117:Infinity": 4,
        "b:127:42:127:54:127:54:127:76": 5,
        "b:129:39:129:51:129:51:129:72": 6,
        "b:130:51:130:85:130:85:130:86": 7,
        "b:132:46:132:80:132:80:132:82": 8,
        "b:136:39:136:51:136:51:136:72": 9,
        "b:137:50:137:83:137:83:137:84": 10,
        "b:139:46:139:79:139:79:139:81": 11,
        "b:143:39:143:51:143:51:143:72": 12,
        "b:144:54:144:91:144:91:144:92": 13,
        "b:146:46:146:83:146:83:146:85": 14,
        "b:150:39:150:51:150:51:150:72": 15,
        "b:151:52:151:94:151:94:151:99": 16,
        "b:154:17:154:59:154:59:154:Infinity": 17,
        "f:168:38:168:39": 9,
        "s:169:14:174:Infinity": 27,
        "b:171:50:171:70:171:70:171:Infinity": 18,
        "b:172:40:172:56:172:56:172:Infinity": 19,
        "f:186:38:186:39": 10,
        "s:187:14:203:Infinity": 28,
        "b:195:45:195:71:195:71:195:Infinity": 20,
        "f:222:21:222:27": 11,
        "s:222:27:222:Infinity": 29,
        "s:234:15:402:Infinity": 30
      }
    }
  },
  "C:\\Users\\Ansyar\\Documents\\Upskilling\\mobile-apps\\habit-buddy\\app\\reward-shop.tsx": {
    "path": "C:\\Users\\Ansyar\\Documents\\Upskilling\\mobile-apps\\habit-buddy\\app\\reward-shop.tsx",
    "statementMap": {
      "0": { "start": { "line": 36, "column": 18 }, "end": { "line": 36, "column": null } },
      "1": { "start": { "line": 37, "column": 24 }, "end": { "line": 37, "column": null } },
      "2": { "start": { "line": 38, "column": 28 }, "end": { "line": 38, "column": null } },
      "3": { "start": { "line": 39, "column": 36 }, "end": { "line": 39, "column": null } },
      "4": { "start": { "line": 40, "column": 28 }, "end": { "line": 40, "column": null } },
      "5": { "start": { "line": 41, "column": 38 }, "end": { "line": 41, "column": null } },
      "6": { "start": { "line": 42, "column": 40 }, "end": { "line": 42, "column": null } },
      "7": { "start": { "line": 43, "column": 46 }, "end": { "line": 43, "column": null } },
      "8": { "start": { "line": 44, "column": 36 }, "end": { "line": 44, "column": null } },
      "9": { "start": { "line": 45, "column": 40 }, "end": { "line": 45, "column": null } },
      "10": { "start": { "line": 48, "column": 24 }, "end": { "line": 48, "column": null } },
      "11": { "start": { "line": 49, "column": 30 }, "end": { "line": 49, "column": null } },
      "12": { "start": { "line": 50, "column": 30 }, "end": { "line": 50, "column": null } },
      "13": { "start": { "line": 51, "column": 24 }, "end": { "line": 51, "column": null } },
      "14": { "start": { "line": 53, "column": 22 }, "end": { "line": 58, "column": null } },
      "15": { "start": { "line": 54, "column": 4 }, "end": { "line": 57, "column": null } },
      "16": { "start": { "line": 55, "column": 19 }, "end": { "line": 55, "column": null } },
      "17": { "start": { "line": 56, "column": 6 }, "end": { "line": 56, "column": null } },
      "18": { "start": { "line": 60, "column": 2 }, "end": { "line": 64, "column": null } },
      "19": { "start": { "line": 61, "column": 4 }, "end": { "line": 63, "column": null } },
      "20": { "start": { "line": 62, "column": 6 }, "end": { "line": 62, "column": null } },
      "21": { "start": { "line": 66, "column": 2 }, "end": { "line": 73, "column": null } },
      "22": { "start": { "line": 67, "column": 4 }, "end": { "line": 72, "column": null } },
      "23": { "start": { "line": 68, "column": 6 }, "end": { "line": 68, "column": null } },
      "24": { "start": { "line": 69, "column": 6 }, "end": { "line": 69, "column": null } },
      "25": { "start": { "line": 70, "column": 6 }, "end": { "line": 70, "column": null } },
      "26": { "start": { "line": 71, "column": 6 }, "end": { "line": 71, "column": null } },
      "27": { "start": { "line": 75, "column": 26 }, "end": { "line": 113, "column": null } },
      "28": { "start": { "line": 76, "column": 4 }, "end": { "line": 76, "column": null } },
      "29": { "start": { "line": 76, "column": 18 }, "end": { "line": 76, "column": null } },
      "30": { "start": { "line": 78, "column": 10 }, "end": { "line": 78, "column": null } },
      "31": { "start": { "line": 79, "column": 4 }, "end": { "line": 82, "column": null } },
      "32": { "start": { "line": 80, "column": 6 }, "end": { "line": 80, "column": null } },
      "33": { "start": { "line": 81, "column": 6 }, "end": { "line": 81, "column": null } },
      "34": { "start": { "line": 84, "column": 10 }, "end": { "line": 84, "column": null } },
      "35": { "start": { "line": 85, "column": 4 }, "end": { "line": 88, "column": null } },
      "36": { "start": { "line": 86, "column": 6 }, "end": { "line": 86, "column": null } },
      "37": { "start": { "line": 87, "column": 6 }, "end": { "line": 87, "column": null } },
      "38": { "start": { "line": 90, "column": 17 }, "end": { "line": 90, "column": null } },
      "39": { "start": { "line": 92, "column": 4 }, "end": { "line": 112, "column": null } },
      "40": { "start": { "line": 93, "column": 6 }, "end": { "line": 106, "column": null } },
      "41": { "start": { "line": 94, "column": 8 }, "end": { "line": 98, "column": null } },
      "42": { "start": { "line": 100, "column": 8 }, "end": { "line": 105, "column": null } },
      "43": { "start": { "line": 107, "column": 6 }, "end": { "line": 107, "column": null } },
      "44": { "start": { "line": 108, "column": 6 }, "end": { "line": 108, "column": null } },
      "45": { "start": { "line": 109, "column": 6 }, "end": { "line": 109, "column": null } },
      "46": { "start": { "line": 111, "column": 6 }, "end": { "line": 111, "column": null } },
      "47": { "start": { "line": 115, "column": 20 }, "end": { "line": 121, "column": null } },
      "48": { "start": { "line": 116, "column": 4 }, "end": { "line": 116, "column": null } },
      "49": { "start": { "line": 117, "column": 4 }, "end": { "line": 117, "column": null } },
      "50": { "start": { "line": 118, "column": 4 }, "end": { "line": 118, "column": null } },
      "51": { "start": { "line": 119, "column": 4 }, "end": { "line": 119, "column": null } },
      "52": { "start": { "line": 120, "column": 4 }, "end": { "line": 120, "column": null } },
      "53": { "start": { "line": 123, "column": 29 }, "end": { "line": 135, "column": null } },
      "54": { "start": { "line": 124, "column": 4 }, "end": { "line": 134, "column": null } },
      "55": { "start": { "line": 130, "column": 10 }, "end": { "line": 130, "column": null } },
      "56": { "start": { "line": 131, "column": 10 }, "end": { "line": 131, "column": null } },
      "57": { "start": { "line": 138, "column": 24 }, "end": { "line": 145, "column": null } },
      "58": { "start": { "line": 139, "column": 4 }, "end": { "line": 143, "column": null } },
      "59": { "start": { "line": 140, "column": 6 }, "end": { "line": 140, "column": null } },
      "60": { "start": { "line": 141, "column": 6 }, "end": { "line": 141, "column": null } },
      "61": { "start": { "line": 142, "column": 6 }, "end": { "line": 142, "column": null } },
      "62": { "start": { "line": 144, "column": 4 }, "end": { "line": 144, "column": null } },
      "63": { "start": { "line": 147, "column": 23 }, "end": { "line": 164, "column": null } },
      "64": { "start": { "line": 148, "column": 4 }, "end": { "line": 163, "column": null } },
      "65": { "start": { "line": 149, "column": 6 }, "end": { "line": 149, "column": null } },
      "66": { "start": { "line": 150, "column": 6 }, "end": { "line": 150, "column": null } },
      "67": { "start": { "line": 151, "column": 6 }, "end": { "line": 151, "column": null } },
      "68": { "start": { "line": 152, "column": 6 }, "end": { "line": 152, "column": null } },
      "69": { "start": { "line": 153, "column": 6 }, "end": { "line": 153, "column": null } },
      "70": { "start": { "line": 154, "column": 6 }, "end": { "line": 154, "column": null } },
      "71": { "start": { "line": 157, "column": 6 }, "end": { "line": 157, "column": null } },
      "72": { "start": { "line": 159, "column": 6 }, "end": { "line": 161, "column": null } },
      "73": { "start": { "line": 160, "column": 8 }, "end": { "line": 160, "column": null } },
      "74": { "start": { "line": 162, "column": 6 }, "end": { "line": 162, "column": null } },
      "75": { "start": { "line": 166, "column": 26 }, "end": { "line": 166, "column": null } },
      "76": { "start": { "line": 166, "column": 49 }, "end": { "line": 166, "column": 94 } },
      "77": { "start": { "line": 168, "column": 2 }, "end": { "line": 472, "column": null } },
      "78": { "start": { "line": 177, "column": 12 }, "end": { "line": 196, "column": null } },
      "79": { "start": { "line": 180, "column": 33 }, "end": { "line": 180, "column": null } },
      "80": { "start": { "line": 213, "column": 31 }, "end": { "line": 213, "column": null } },
      "81": { "start": { "line": 229, "column": 33 }, "end": { "line": 229, "column": null } },
      "82": { "start": { "line": 253, "column": 32 }, "end": { "line": 253, "column": 99 } },
      "83": { "start": { "line": 255, "column": 18 }, "end": { "line": 289, "column": null } },
      "84": { "start": { "line": 273, "column": 41 }, "end": { "line": 273, "column": null } },
      "85": { "start": { "line": 281, "column": 41 }, "end": { "line": 281, "column": null } },
      "86": { "start": { "line": 308, "column": 20 }, "end": { "line": 308, "column": null } },
      "87": { "start": { "line": 309, "column": 20 }, "end": { "line": 309, "column": null } },
      "88": { "start": { "line": 319, "column": 20 }, "end": { "line": 319, "column": null } },
      "89": { "start": { "line": 320, "column": 20 }, "end": { "line": 320, "column": null } },
      "90": { "start": { "line": 328, "column": 20 }, "end": { "line": 341, "column": null } },
      "91": { "start": { "line": 331, "column": 37 }, "end": { "line": 331, "column": null } },
      "92": { "start": { "line": 351, "column": 22 }, "end": { "line": 351, "column": null } },
      "93": { "start": { "line": 352, "column": 22 }, "end": { "line": 352, "column": null } },
      "94": { "start": { "line": 386, "column": 16 }, "end": { "line": 420, "column": null } },
      "95": { "start": { "line": 394, "column": 20 }, "end": { "line": 394, "column": null } },
      "96": { "start": { "line": 415, "column": 37 }, "end": { "line": 415, "column": null } },
      "97": { "start": { "line": 441, "column": 35 }, "end": { "line": 441, "column": null } },
      "98": { "start": { "line": 447, "column": 35 }, "end": { "line": 447, "column": null } },
      "99": { "start": { "line": 464, "column": 70 }, "end": { "line": 464, "column": null } },
      "100": { "start": { "line": 476, "column": 15 }, "end": { "line": 813, "column": null } }
    },
    "fnMap": {
      "0": {
        "name": "RewardShopScreen",
        "decl": { "start": { "line": 35, "column": 24 }, "end": { "line": 35, "column": 43 } },
        "loc": { "start": { "line": 35, "column": 43 }, "end": { "line": 474, "column": null } },
        "line": 35
      },
      "1": {
        "name": "(anonymous_1)",
        "decl": { "start": { "line": 53, "column": 40 }, "end": { "line": 53, "column": 52 } },
        "loc": { "start": { "line": 53, "column": 52 }, "end": { "line": 58, "column": 5 } },
        "line": 53
      },
      "2": {
        "name": "(anonymous_2)",
        "decl": { "start": { "line": 60, "column": 12 }, "end": { "line": 60, "column": 18 } },
        "loc": { "start": { "line": 60, "column": 18 }, "end": { "line": 64, "column": 5 } },
        "line": 60
      },
      "3": {
        "name": "(anonymous_3)",
        "decl": { "start": { "line": 66, "column": 12 }, "end": { "line": 66, "column": 18 } },
        "loc": { "start": { "line": 66, "column": 18 }, "end": { "line": 73, "column": 5 } },
        "line": 66
      },
      "4": {
        "name": "(anonymous_4)",
        "decl": { "start": { "line": 75, "column": 26 }, "end": { "line": 75, "column": 38 } },
        "loc": { "start": { "line": 75, "column": 38 }, "end": { "line": 113, "column": null } },
        "line": 75
      },
      "5": {
        "name": "(anonymous_5)",
        "decl": { "start": { "line": 115, "column": 20 }, "end": { "line": 115, "column": 26 } },
        "loc": { "start": { "line": 115, "column": 26 }, "end": { "line": 121, "column": null } },
        "line": 115
      },
      "6": {
        "name": "(anonymous_6)",
        "decl": { "start": { "line": 123, "column": 29 }, "end": { "line": 123, "column": 30 } },
        "loc": { "start": { "line": 123, "column": 45 }, "end": { "line": 135, "column": null } },
        "line": 123
      },
      "7": {
        "name": "(anonymous_7)",
        "decl": { "start": { "line": 129, "column": 17 }, "end": { "line": 129, "column": 29 } },
        "loc": { "start": { "line": 129, "column": 29 }, "end": { "line": 132, "column": null } },
        "line": 129
      },
      "8": {
        "name": "(anonymous_8)",
        "decl": { "start": { "line": 138, "column": 24 }, "end": { "line": 138, "column": 31 } },
        "loc": { "start": { "line": 138, "column": 46 }, "end": { "line": 145, "column": null } },
        "line": 138
      },
      "9": {
        "name": "(anonymous_9)",
        "decl": { "start": { "line": 147, "column": 23 }, "end": { "line": 147, "column": 30 } },
        "loc": { "start": { "line": 147, "column": 49 }, "end": { "line": 164, "column": null } },
        "line": 147
      },
      "10": {
        "name": "(anonymous_10)",
        "decl": { "start": { "line": 166, "column": 41 }, "end": { "line": 166, "column": 42 } },
        "loc": { "start": { "line": 166, "column": 49 }, "end": { "line": 166, "column": 94 } },
        "line": 166
      },
      "11": {
        "name": "(anonymous_11)",
        "decl": { "start": { "line": 176, "column": 23 }, "end": { "line": 176, "column": null } },
        "loc": { "start": { "line": 177, "column": 12 }, "end": { "line": 196, "column": null } },
        "line": 177
      },
      "12": {
        "name": "(anonymous_12)",
        "decl": { "start": { "line": 180, "column": 27 }, "end": { "line": 180, "column": 33 } },
        "loc": { "start": { "line": 180, "column": 33 }, "end": { "line": 180, "column": null } },
        "line": 180
      },
      "13": {
        "name": "(anonymous_13)",
        "decl": { "start": { "line": 213, "column": 25 }, "end": { "line": 213, "column": 31 } },
        "loc": { "start": { "line": 213, "column": 31 }, "end": { "line": 213, "column": null } },
        "line": 213
      },
      "14": {
        "name": "(anonymous_14)",
        "decl": { "start": { "line": 229, "column": 27 }, "end": { "line": 229, "column": 33 } },
        "loc": { "start": { "line": 229, "column": 33 }, "end": { "line": 229, "column": null } },
        "line": 229
      },
      "15": {
        "name": "(anonymous_15)",
        "decl": { "start": { "line": 253, "column": 22 }, "end": { "line": 253, "column": 23 } },
        "loc": { "start": { "line": 253, "column": 32 }, "end": { "line": 253, "column": 99 } },
        "line": 253
      },
      "16": {
        "name": "(anonymous_16)",
        "decl": { "start": { "line": 254, "column": 21 }, "end": { "line": 254, "column": 22 } },
        "loc": { "start": { "line": 255, "column": 18 }, "end": { "line": 289, "column": null } },
        "line": 255
      },
      "17": {
        "name": "(anonymous_17)",
        "decl": { "start": { "line": 273, "column": 35 }, "end": { "line": 273, "column": 41 } },
        "loc": { "start": { "line": 273, "column": 41 }, "end": { "line": 273, "column": null } },
        "line": 273
      },
      "18": {
        "name": "(anonymous_18)",
        "decl": { "start": { "line": 281, "column": 35 }, "end": { "line": 281, "column": 41 } },
        "loc": { "start": { "line": 281, "column": 41 }, "end": { "line": 281, "column": null } },
        "line": 281
      },
      "19": {
        "name": "(anonymous_19)",
        "decl": { "start": { "line": 307, "column": 32 }, "end": { "line": 307, "column": 33 } },
        "loc": { "start": { "line": 307, "column": 42 }, "end": { "line": 310, "column": null } },
        "line": 307
      },
      "20": {
        "name": "(anonymous_20)",
        "decl": { "start": { "line": 318, "column": 32 }, "end": { "line": 318, "column": 33 } },
        "loc": { "start": { "line": 318, "column": 42 }, "end": { "line": 321, "column": null } },
        "line": 318
      },
      "21": {
        "name": "(anonymous_21)",
        "decl": { "start": { "line": 327, "column": 77 }, "end": { "line": 327, "column": 78 } },
        "loc": { "start": { "line": 328, "column": 20 }, "end": { "line": 341, "column": null } },
        "line": 328
      },
      "22": {
        "name": "(anonymous_22)",
        "decl": { "start": { "line": 331, "column": 31 }, "end": { "line": 331, "column": 37 } },
        "loc": { "start": { "line": 331, "column": 37 }, "end": { "line": 331, "column": null } },
        "line": 331
      },
      "23": {
        "name": "(anonymous_23)",
        "decl": { "start": { "line": 350, "column": 29 }, "end": { "line": 350, "column": 35 } },
        "loc": { "start": { "line": 350, "column": 35 }, "end": { "line": 353, "column": null } },
        "line": 350
      },
      "24": {
        "name": "(anonymous_24)",
        "decl": { "start": { "line": 385, "column": 35 }, "end": { "line": 385, "column": 36 } },
        "loc": { "start": { "line": 386, "column": 16 }, "end": { "line": 420, "column": null } },
        "line": 386
      },
      "25": {
        "name": "(anonymous_25)",
        "decl": { "start": { "line": 393, "column": 27 }, "end": { "line": 393, "column": null } },
        "loc": { "start": { "line": 394, "column": 20 }, "end": { "line": 394, "column": null } },
        "line": 394
      },
      "26": {
        "name": "(anonymous_26)",
        "decl": { "start": { "line": 415, "column": 31 }, "end": { "line": 415, "column": 37 } },
        "loc": { "start": { "line": 415, "column": 37 }, "end": { "line": 415, "column": null } },
        "line": 415
      },
      "27": {
        "name": "(anonymous_27)",
        "decl": { "start": { "line": 441, "column": 29 }, "end": { "line": 441, "column": 35 } },
        "loc": { "start": { "line": 441, "column": 35 }, "end": { "line": 441, "column": null } },
        "line": 441
      },
      "28": {
        "name": "(anonymous_28)",
        "decl": { "start": { "line": 447, "column": 29 }, "end": { "line": 447, "column": 35 } },
        "loc": { "start": { "line": 447, "column": 35 }, "end": { "line": 447, "column": null } },
        "line": 447
      },
      "29": {
        "name": "(anonymous_29)",
        "decl": { "start": { "line": 464, "column": 64 }, "end": { "line": 464, "column": 70 } },
        "loc": { "start": { "line": 464, "column": 70 }, "end": { "line": 464, "column": null } },
        "line": 464
      }
    },
    "branchMap": {
      "0": {
        "loc": { "start": { "line": 54, "column": 4 }, "end": { "line": 57, "column": null } },
        "type": "if",
        "locations": [
          { "start": { "line": 54, "column": 4 }, "end": { "line": 57, "column": null } },
          { "start": {}, "end": {} }
        ],
        "line": 54
      },
      "1": {
        "loc": { "start": { "line": 61, "column": 4 }, "end": { "line": 63, "column": null } },
        "type": "if",
        "locations": [
          { "start": { "line": 61, "column": 4 }, "end": { "line": 63, "column": null } },
          { "start": {}, "end": {} }
        ],
        "line": 61
      },
      "2": {
        "loc": { "start": { "line": 67, "column": 4 }, "end": { "line": 72, "column": null } },
        "type": "if",
        "locations": [
          { "start": { "line": 67, "column": 4 }, "end": { "line": 72, "column": null } },
          { "start": {}, "end": {} }
        ],
        "line": 67
      },
      "3": {
        "loc": { "start": { "line": 76, "column": 4 }, "end": { "line": 76, "column": null } },
        "type": "if",
        "locations": [
          { "start": { "line": 76, "column": 4 }, "end": { "line": 76, "column": null } },
          { "start": {}, "end": {} }
        ],
        "line": 76
      },
      "4": {
        "loc": { "start": { "line": 79, "column": 4 }, "end": { "line": 82, "column": null } },
        "type": "if",
        "locations": [
          { "start": { "line": 79, "column": 4 }, "end": { "line": 82, "column": null } },
          { "start": {}, "end": {} }
        ],
        "line": 79
      },
      "5": {
        "loc": { "start": { "line": 85, "column": 4 }, "end": { "line": 88, "column": null } },
        "type": "if",
        "locations": [
          { "start": { "line": 85, "column": 4 }, "end": { "line": 88, "column": null } },
          { "start": {}, "end": {} }
        ],
        "line": 85
      },
      "6": {
        "loc": { "start": { "line": 93, "column": 6 }, "end": { "line": 106, "column": null } },
        "type": "if",
        "locations": [
          { "start": { "line": 93, "column": 6 }, "end": { "line": 106, "column": null } },
          { "start": { "line": 99, "column": 13 }, "end": { "line": 106, "column": null } }
        ],
        "line": 93
      },
      "7": {
        "loc": { "start": { "line": 139, "column": 4 }, "end": { "line": 143, "column": null } },
        "type": "if",
        "locations": [
          { "start": { "line": 139, "column": 4 }, "end": { "line": 143, "column": null } },
          { "start": {}, "end": {} }
        ],
        "line": 139
      },
      "8": {
        "loc": { "start": { "line": 159, "column": 6 }, "end": { "line": 161, "column": null } },
        "type": "if",
        "locations": [
          { "start": { "line": 159, "column": 6 }, "end": { "line": 161, "column": null } },
          { "start": {}, "end": {} }
        ],
        "line": 159
      },
      "9": {
        "loc": { "start": { "line": 162, "column": 27 }, "end": { "line": 162, "column": 89 } },
        "type": "cond-expr",
        "locations": [
          { "start": { "line": 162, "column": 50 }, "end": { "line": 162, "column": 64 } },
          { "start": { "line": 162, "column": 64 }, "end": { "line": 162, "column": 89 } }
        ],
        "line": 162
      },
      "10": {
        "loc": { "start": { "line": 166, "column": 49 }, "end": { "line": 166, "column": 94 } },
        "type": "cond-expr",
        "locations": [
          { "start": { "line": 166, "column": 63 }, "end": { "line": 166, "column": 79 } },
          { "start": { "line": 166, "column": 79 }, "end": { "line": 166, "column": 94 } }
        ],
        "line": 166
      },
      "11": {
        "loc": { "start": { "line": 175, "column": 17 }, "end": { "line": 175, "column": null } },
        "type": "cond-expr",
        "locations": [
          { "start": { "line": 175, "column": 28 }, "end": { "line": 175, "column": 66 } },
          { "start": { "line": 175, "column": 66 }, "end": { "line": 175, "column": null } }
        ],
        "line": 175
      },
      "12": {
        "loc": { "start": { "line": 175, "column": 28 }, "end": { "line": 175, "column": 66 } },
        "type": "cond-expr",
        "locations": [
          { "start": { "line": 175, "column": 42 }, "end": { "line": 175, "column": 54 } },
          { "start": { "line": 175, "column": 54 }, "end": { "line": 175, "column": 66 } }
        ],
        "line": 175
      },
      "13": {
        "loc": { "start": { "line": 181, "column": 23 }, "end": { "line": 181, "column": null } },
        "type": "cond-expr",
        "locations": [
          { "start": { "line": 181, "column": 57 }, "end": { "line": 181, "column": 62 } },
          { "start": { "line": 181, "column": 62 }, "end": { "line": 181, "column": null } }
        ],
        "line": 181
      },
      "14": {
        "loc": { "start": { "line": 185, "column": 38 }, "end": { "line": 185, "column": null } },
        "type": "cond-expr",
        "locations": [
          { "start": { "line": 185, "column": 48 }, "end": { "line": 185, "column": 69 } },
          { "start": { "line": 185, "column": 69 }, "end": { "line": 185, "column": null } }
        ],
        "line": 185
      },
      "15": {
        "loc": { "start": { "line": 188, "column": 19 }, "end": { "line": 191, "column": null } },
        "type": "cond-expr",
        "locations": [
          { "start": { "line": 189, "column": 20 }, "end": { "line": 189, "column": null } },
          { "start": { "line": 191, "column": 20 }, "end": { "line": 191, "column": null } }
        ],
        "line": 188
      },
      "16": {
        "loc": { "start": { "line": 193, "column": 57 }, "end": { "line": 193, "column": 85 } },
        "type": "cond-expr",
        "locations": [
          { "start": { "line": 193, "column": 67 }, "end": { "line": 193, "column": 76 } },
          { "start": { "line": 193, "column": 76 }, "end": { "line": 193, "column": 85 } }
        ],
        "line": 193
      },
      "17": {
        "loc": { "start": { "line": 201, "column": 7 }, "end": { "line": 470, "column": null } },
        "type": "cond-expr",
        "locations": [
          { "start": { "line": 202, "column": 8 }, "end": { "line": 364, "column": null } },
          { "start": { "line": 366, "column": 8 }, "end": { "line": 470, "column": null } }
        ],
        "line": 201
      },
      "18": {
        "loc": { "start": { "line": 205, "column": 15 }, "end": { "line": 205, "column": null } },
        "type": "cond-expr",
        "locations": [
          { "start": { "line": 205, "column": 29 }, "end": { "line": 205, "column": 50 } },
          { "start": { "line": 205, "column": 50 }, "end": { "line": 205, "column": null } }
        ],
        "line": 205
      },
      "19": {
        "loc": { "start": { "line": 214, "column": 36 }, "end": { "line": 214, "column": null } },
        "type": "cond-expr",
        "locations": [
          { "start": { "line": 214, "column": 50 }, "end": { "line": 214, "column": 74 } },
          { "start": { "line": 214, "column": 74 }, "end": { "line": 214, "column": null } }
        ],
        "line": 214
      },
      "20": {
        "loc": { "start": { "line": 217, "column": 17 }, "end": { "line": 220, "column": null } },
        "type": "cond-expr",
        "locations": [
          { "start": { "line": 218, "column": 18 }, "end": { "line": 218, "column": null } },
          { "start": { "line": 220, "column": 18 }, "end": { "line": 220, "column": null } }
        ],
        "line": 217
      },
      "21": {
        "loc": { "start": { "line": 223, "column": 19 }, "end": { "line": 223, "column": null } },
        "type": "cond-expr",
        "locations": [
          { "start": { "line": 223, "column": 33 }, "end": { "line": 223, "column": 44 } },
          { "start": { "line": 223, "column": 44 }, "end": { "line": 223, "column": null } }
        ],
        "line": 223
      },
      "22": {
        "loc": { "start": { "line": 226, "column": 15 }, "end": { "line": 235, "column": null } },
        "type": "binary-expr",
        "locations": [
          { "start": { "line": 226, "column": 15 }, "end": { "line": 226, "column": null } },
          { "start": { "line": 227, "column": 16 }, "end": { "line": 235, "column": null } }
        ],
        "line": 226
      },
      "23": {
        "loc": { "start": { "line": 240, "column": 11 }, "end": { "line": 291, "column": null } },
        "type": "cond-expr",
        "locations": [
          { "start": { "line": 241, "column": 12 }, "end": { "line": 249, "column": null } },
          { "start": { "line": 251, "column": 12 }, "end": { "line": 291, "column": null } }
        ],
        "line": 240
      },
      "24": {
        "loc": { "start": { "line": 242, "column": 20 }, "end": { "line": 242, "column": null } },
        "type": "cond-expr",
        "locations": [
          { "start": { "line": 242, "column": 34 }, "end": { "line": 242, "column": 44 } },
          { "start": { "line": 242, "column": 44 }, "end": { "line": 242, "column": null } }
        ],
        "line": 242
      },
      "25": {
        "loc": { "start": { "line": 243, "column": 21 }, "end": { "line": 243, "column": null } },
        "type": "cond-expr",
        "locations": [
          { "start": { "line": 243, "column": 35 }, "end": { "line": 243, "column": 50 } },
          { "start": { "line": 243, "column": 50 }, "end": { "line": 243, "column": null } }
        ],
        "line": 243
      },
      "26": {
        "loc": { "start": { "line": 245, "column": 16 }, "end": { "line": 247, "column": null } },
        "type": "cond-expr",
        "locations": [
          { "start": { "line": 246, "column": 20 }, "end": { "line": 246, "column": null } },
          { "start": { "line": 247, "column": 20 }, "end": { "line": 247, "column": null } }
        ],
        "line": 245
      },
      "27": {
        "loc": { "start": { "line": 257, "column": 47 }, "end": { "line": 257, "column": 88 } },
        "type": "binary-expr",
        "locations": [
          { "start": { "line": 257, "column": 47 }, "end": { "line": 257, "column": 69 } },
          { "start": { "line": 257, "column": 69 }, "end": { "line": 257, "column": 88 } }
        ],
        "line": 257
      },
      "28": {
        "loc": { "start": { "line": 260, "column": 56 }, "end": { "line": 260, "column": 97 } },
        "type": "binary-expr",
        "locations": [
          { "start": { "line": 260, "column": 56 }, "end": { "line": 260, "column": 78 } },
          { "start": { "line": 260, "column": 78 }, "end": { "line": 260, "column": 97 } }
        ],
        "line": 260
      },
      "29": {
        "loc": { "start": { "line": 265, "column": 25 }, "end": { "line": 266, "column": null } },
        "type": "binary-expr",
        "locations": [
          { "start": { "line": 265, "column": 25 }, "end": { "line": 265, "column": null } },
          { "start": { "line": 266, "column": 26 }, "end": { "line": 266, "column": null } }
        ],
        "line": 265
      },
      "30": {
        "loc": { "start": { "line": 269, "column": 21 }, "end": { "line": 287, "column": null } },
        "type": "binary-expr",
        "locations": [
          { "start": { "line": 269, "column": 21 }, "end": { "line": 269, "column": null } },
          { "start": { "line": 270, "column": 22 }, "end": { "line": 287, "column": null } }
        ],
        "line": 269
      },
      "31": {
        "loc": { "start": { "line": 299, "column": 19 }, "end": { "line": 299, "column": null } },
        "type": "cond-expr",
        "locations": [
          { "start": { "line": 299, "column": 35 }, "end": { "line": 299, "column": 51 } },
          { "start": { "line": 299, "column": 51 }, "end": { "line": 299, "column": null } }
        ],
        "line": 299
      },
      "32": {
        "loc": { "start": { "line": 303, "column": 40 }, "end": { "line": 303, "column": 95 } },
        "type": "binary-expr",
        "locations": [
          { "start": { "line": 303, "column": 40 }, "end": { "line": 303, "column": 51 } },
          { "start": { "line": 303, "column": 51 }, "end": { "line": 303, "column": 78 } },
          { "start": { "line": 303, "column": 78 }, "end": { "line": 303, "column": 95 } }
        ],
        "line": 303
      },
      "33": {
        "loc": { "start": { "line": 314, "column": 40 }, "end": { "line": 314, "column": 94 } },
        "type": "binary-expr",
        "locations": [
          { "start": { "line": 314, "column": 40 }, "end": { "line": 314, "column": 51 } },
          { "start": { "line": 314, "column": 51 }, "end": { "line": 314, "column": 77 } },
          { "start": { "line": 314, "column": 77 }, "end": { "line": 314, "column": 94 } }
        ],
        "line": 314
      },
      "34": {
        "loc": { "start": { "line": 330, "column": 50 }, "end": { "line": 330, "column": 94 } },
        "type": "binary-expr",
        "locations": [
          { "start": { "line": 330, "column": 50 }, "end": { "line": 330, "column": 70 } },
          { "start": { "line": 330, "column": 70 }, "end": { "line": 330, "column": 94 } }
        ],
        "line": 330
      },
      "35": {
        "loc": { "start": { "line": 336, "column": 26 }, "end": { "line": 336, "column": null } },
        "type": "binary-expr",
        "locations": [
          { "start": { "line": 336, "column": 26 }, "end": { "line": 336, "column": 46 } },
          { "start": { "line": 336, "column": 46 }, "end": { "line": 336, "column": null } }
        ],
        "line": 336
      },
      "36": {
        "loc": { "start": { "line": 345, "column": 17 }, "end": { "line": 345, "column": null } },
        "type": "cond-expr",
        "locations": [
          { "start": { "line": 345, "column": 25 }, "end": { "line": 345, "column": 73 } },
          { "start": { "line": 345, "column": 73 }, "end": { "line": 345, "column": null } }
        ],
        "line": 345
      },
      "37": {
        "loc": { "start": { "line": 370, "column": 46 }, "end": { "line": 370, "column": 73 } },
        "type": "binary-expr",
        "locations": [
          { "start": { "line": 370, "column": 46 }, "end": { "line": 370, "column": 71 } },
          { "start": { "line": 370, "column": 71 }, "end": { "line": 370, "column": 73 } }
        ],
        "line": 370
      },
      "38": {
        "loc": { "start": { "line": 374, "column": 11 }, "end": { "line": 422, "column": null } },
        "type": "cond-expr",
        "locations": [
          { "start": { "line": 375, "column": 12 }, "end": { "line": 379, "column": null } },
          { "start": { "line": 381, "column": 12 }, "end": { "line": 422, "column": null } }
        ],
        "line": 374
      },
      "39": {
        "loc": { "start": { "line": 398, "column": 21 }, "end": { "line": 398, "column": null } },
        "type": "binary-expr",
        "locations": [
          { "start": { "line": 398, "column": 21 }, "end": { "line": 398, "column": 55 } },
          { "start": { "line": 398, "column": 55 }, "end": { "line": 398, "column": null } }
        ],
        "line": 398
      },
      "40": {
        "loc": { "start": { "line": 399, "column": 21 }, "end": { "line": 400, "column": null } },
        "type": "binary-expr",
        "locations": [
          { "start": { "line": 399, "column": 21 }, "end": { "line": 399, "column": null } },
          { "start": { "line": 400, "column": 22 }, "end": { "line": 400, "column": null } }
        ],
        "line": 399
      },
      "41": {
        "loc": { "start": { "line": 402, "column": 21 }, "end": { "line": 403, "column": null } },
        "type": "binary-expr",
        "locations": [
          { "start": { "line": 402, "column": 21 }, "end": { "line": 402, "column": null } },
          { "start": { "line": 403, "column": 22 }, "end": { "line": 403, "column": null } }
        ],
        "line": 402
      },
      "42": {
        "loc": { "start": { "line": 411, "column": 31 }, "end": { "line": 412, "column": null } },
        "type": "binary-expr",
        "locations": [
          { "start": { "line": 411, "column": 31 }, "end": { "line": 412, "column": 75 } },
          { "start": { "line": 412, "column": 75 }, "end": { "line": 412, "column": null } }
        ],
        "line": 411
      },
      "43": {
        "loc": { "start": { "line": 412, "column": 25 }, "end": { "line": 412, "column": 55 } },
        "type": "binary-expr",
        "locations": [
          { "start": { "line": 412, "column": 25 }, "end": { "line": 412, "column": 50 } },
          { "start": { "line": 412, "column": 50 }, "end": { "line": 412, "column": 55 } }
        ],
        "line": 412
      },
      "44": {
        "loc": { "start": { "line": 414, "column": 33 }, "end": { "line": 414, "column": 63 } },
        "type": "binary-expr",
        "locations": [
          { "start": { "line": 414, "column": 33 }, "end": { "line": 414, "column": 58 } },
          { "start": { "line": 414, "column": 58 }, "end": { "line": 414, "column": 63 } }
        ],
        "line": 414
      },
      "45": {
        "loc": { "start": { "line": 447, "column": 35 }, "end": { "line": 447, "column": null } },
        "type": "binary-expr",
        "locations": [
          { "start": { "line": 447, "column": 35 }, "end": { "line": 447, "column": 55 } },
          { "start": { "line": 447, "column": 55 }, "end": { "line": 447, "column": null } }
        ],
        "line": 447
      },
      "46": {
        "loc": { "start": { "line": 459, "column": 38 }, "end": { "line": 459, "column": 71 } },
        "type": "binary-expr",
        "locations": [
          { "start": { "line": 459, "column": 38 }, "end": { "line": 459, "column": 63 } },
          { "start": { "line": 459, "column": 63 }, "end": { "line": 459, "column": 71 } }
        ],
        "line": 459
      }
    },
    "s": {
      "0": 103,
      "1": 103,
      "2": 103,
      "3": 103,
      "4": 103,
      "5": 103,
      "6": 103,
      "7": 103,
      "8": 103,
      "9": 103,
      "10": 103,
      "11": 103,
      "12": 103,
      "13": 103,
      "14": 103,
      "15": 104,
      "16": 104,
      "17": 104,
      "18": 103,
      "19": 98,
      "20": 98,
      "21": 103,
      "22": 20,
      "23": 1,
      "24": 1,
      "25": 1,
      "26": 1,
      "27": 103,
      "28": 7,
      "29": 0,
      "30": 7,
      "31": 7,
      "32": 2,
      "33": 2,
      "34": 5,
      "35": 5,
      "36": 2,
      "37": 2,
      "38": 3,
      "39": 3,
      "40": 3,
      "41": 1,
      "42": 2,
      "43": 2,
      "44": 2,
      "45": 2,
      "46": 1,
      "47": 103,
      "48": 2,
      "49": 2,
      "50": 2,
      "51": 2,
      "52": 2,
      "53": 103,
      "54": 0,
      "55": 0,
      "56": 0,
      "57": 103,
      "58": 1,
      "59": 1,
      "60": 1,
      "61": 1,
      "62": 0,
      "63": 103,
      "64": 3,
      "65": 3,
      "66": 3,
      "67": 3,
      "68": 3,
      "69": 3,
      "70": 3,
      "71": 3,
      "72": 0,
      "73": 0,
      "74": 0,
      "75": 103,
      "76": 101,
      "77": 103,
      "78": 103,
      "79": 8,
      "80": 3,
      "81": 3,
      "82": 1,
      "83": 53,
      "84": 1,
      "85": 1,
      "86": 6,
      "87": 6,
      "88": 5,
      "89": 5,
      "90": 165,
      "91": 0,
      "92": 0,
      "93": 0,
      "94": 38,
      "95": 4,
      "96": 3,
      "97": 0,
      "98": 3,
      "99": 1,
      "100": 7
    },
    "f": {
      "0": 103,
      "1": 104,
      "2": 98,
      "3": 20,
      "4": 7,
      "5": 2,
      "6": 0,
      "7": 0,
      "8": 1,
      "9": 3,
      "10": 101,
      "11": 103,
      "12": 8,
      "13": 3,
      "14": 3,
      "15": 1,
      "16": 53,
      "17": 1,
      "18": 1,
      "19": 6,
      "20": 5,
      "21": 165,
      "22": 0,
      "23": 0,
      "24": 38,
      "25": 4,
      "26": 3,
      "27": 0,
      "28": 3,
      "29": 1
    },
    "b": {
      "0": [104, 0],
      "1": [98, 0],
      "2": [1, 19],
      "3": [0, 7],
      "4": [2, 5],
      "5": [2, 3],
      "6": [1, 2],
      "7": [1, 0],
      "8": [0, 0],
      "9": [0, 0],
      "10": [9, 92],
      "11": [55, 48],
      "12": [5, 50],
      "13": [103, 0],
      "14": [55, 48],
      "15": [55, 48],
      "16": [55, 48],
      "17": [55, 48],
      "18": [5, 50],
      "19": [5, 50],
      "20": [5, 50],
      "21": [5, 50],
      "22": [55, 50],
      "23": [3, 52],
      "24": [2, 1],
      "25": [2, 1],
      "26": [2, 1],
      "27": [53, 3],
      "28": [53, 3],
      "29": [53, 3],
      "30": [53, 50],
      "31": [3, 52],
      "32": [55, 10, 4],
      "33": [55, 10, 4],
      "34": [165, 55],
      "35": [165, 55],
      "36": [10, 45],
      "37": [48, 0],
      "38": [18, 30],
      "39": [38, 30],
      "40": [38, 8],
      "41": [38, 0],
      "42": [38, 8],
      "43": [38, 0],
      "44": [38, 0],
      "45": [3, 3],
      "46": [48, 0]
    },
    "meta": {
      "lastBranch": 47,
      "lastFunction": 30,
      "lastStatement": 101,
      "seen": {
        "f:35:24:35:43": 0,
        "s:36:18:36:Infinity": 0,
        "s:37:24:37:Infinity": 1,
        "s:38:28:38:Infinity": 2,
        "s:39:36:39:Infinity": 3,
        "s:40:28:40:Infinity": 4,
        "s:41:38:41:Infinity": 5,
        "s:42:40:42:Infinity": 6,
        "s:43:46:43:Infinity": 7,
        "s:44:36:44:Infinity": 8,
        "s:45:40:45:Infinity": 9,
        "s:48:24:48:Infinity": 10,
        "s:49:30:49:Infinity": 11,
        "s:50:30:50:Infinity": 12,
        "s:51:24:51:Infinity": 13,
        "s:53:22:58:Infinity": 14,
        "f:53:40:53:52": 1,
        "b:54:4:57:Infinity:undefined:undefined:undefined:undefined": 0,
        "s:54:4:57:Infinity": 15,
        "s:55:19:55:Infinity": 16,
        "s:56:6:56:Infinity": 17,
        "s:60:2:64:Infinity": 18,
        "f:60:12:60:18": 2,
        "b:61:4:63:Infinity:undefined:undefined:undefined:undefined": 1,
        "s:61:4:63:Infinity": 19,
        "s:62:6:62:Infinity": 20,
        "s:66:2:73:Infinity": 21,
        "f:66:12:66:18": 3,
        "b:67:4:72:Infinity:undefined:undefined:undefined:undefined": 2,
        "s:67:4:72:Infinity": 22,
        "s:68:6:68:Infinity": 23,
        "s:69:6:69:Infinity": 24,
        "s:70:6:70:Infinity": 25,
        "s:71:6:71:Infinity": 26,
        "s:75:26:113:Infinity": 27,
        "f:75:26:75:38": 4,
        "b:76:4:76:Infinity:undefined:undefined:undefined:undefined": 3,
        "s:76:4:76:Infinity": 28,
        "s:76:18:76:Infinity": 29,
        "s:78:10:78:Infinity": 30,
        "b:79:4:82:Infinity:undefined:undefined:undefined:undefined": 4,
        "s:79:4:82:Infinity": 31,
        "s:80:6:80:Infinity": 32,
        "s:81:6:81:Infinity": 33,
        "s:84:10:84:Infinity": 34,
        "b:85:4:88:Infinity:undefined:undefined:undefined:undefined": 5,
        "s:85:4:88:Infinity": 35,
        "s:86:6:86:Infinity": 36,
        "s:87:6:87:Infinity": 37,
        "s:90:17:90:Infinity": 38,
        "s:92:4:112:Infinity": 39,
        "b:93:6:106:Infinity:99:13:106:Infinity": 6,
        "s:93:6:106:Infinity": 40,
        "s:94:8:98:Infinity": 41,
        "s:100:8:105:Infinity": 42,
        "s:107:6:107:Infinity": 43,
        "s:108:6:108:Infinity": 44,
        "s:109:6:109:Infinity": 45,
        "s:111:6:111:Infinity": 46,
        "s:115:20:121:Infinity": 47,
        "f:115:20:115:26": 5,
        "s:116:4:116:Infinity": 48,
        "s:117:4:117:Infinity": 49,
        "s:118:4:118:Infinity": 50,
        "s:119:4:119:Infinity": 51,
        "s:120:4:120:Infinity": 52,
        "s:123:29:135:Infinity": 53,
        "f:123:29:123:30": 6,
        "s:124:4:134:Infinity": 54,
        "f:129:17:129:29": 7,
        "s:130:10:130:Infinity": 55,
        "s:131:10:131:Infinity": 56,
        "s:138:24:145:Infinity": 57,
        "f:138:24:138:31": 8,
        "b:139:4:143:Infinity:undefined:undefined:undefined:undefined": 7,
        "s:139:4:143:Infinity": 58,
        "s:140:6:140:Infinity": 59,
        "s:141:6:141:Infinity": 60,
        "s:142:6:142:Infinity": 61,
        "s:144:4:144:Infinity": 62,
        "s:147:23:164:Infinity": 63,
        "f:147:23:147:30": 9,
        "s:148:4:163:Infinity": 64,
        "s:149:6:149:Infinity": 65,
        "s:150:6:150:Infinity": 66,
        "s:151:6:151:Infinity": 67,
        "s:152:6:152:Infinity": 68,
        "s:153:6:153:Infinity": 69,
        "s:154:6:154:Infinity": 70,
        "s:157:6:157:Infinity": 71,
        "b:159:6:161:Infinity:undefined:undefined:undefined:undefined": 8,
        "s:159:6:161:Infinity": 72,
        "s:160:8:160:Infinity": 73,
        "s:162:6:162:Infinity": 74,
        "b:162:50:162:64:162:64:162:89": 9,
        "s:166:26:166:Infinity": 75,
        "f:166:41:166:42": 10,
        "s:166:49:166:94": 76,
        "b:166:63:166:79:166:79:166:94": 10,
        "s:168:2:472:Infinity": 77,
        "b:175:28:175:66:175:66:175:Infinity": 11,
        "b:175:42:175:54:175:54:175:66": 12,
        "f:176:23:176:Infinity": 11,
        "s:177:12:196:Infinity": 78,
        "f:180:27:180:33": 12,
        "s:180:33:180:Infinity": 79,
        "b:181:57:181:62:181:62:181:Infinity": 13,
        "b:185:48:185:69:185:69:185:Infinity": 14,
        "b:189:20:189:Infinity:191:20:191:Infinity": 15,
        "b:193:67:193:76:193:76:193:85": 16,
        "b:202:8:364:Infinity:366:8:470:Infinity": 17,
        "b:205:29:205:50:205:50:205:Infinity": 18,
        "f:213:25:213:31": 13,
        "s:213:31:213:Infinity": 80,
        "b:214:50:214:74:214:74:214:Infinity": 19,
        "b:218:18:218:Infinity:220:18:220:Infinity": 20,
        "b:223:33:223:44:223:44:223:Infinity": 21,
        "b:226:15:226:Infinity:227:16:235:Infinity": 22,
        "f:229:27:229:33": 14,
        "s:229:33:229:Infinity": 81,
        "b:241:12:249:Infinity:251:12:291:Infinity": 23,
        "b:242:34:242:44:242:44:242:Infinity": 24,
        "b:243:35:243:50:243:50:243:Infinity": 25,
        "b:246:20:246:Infinity:247:20:247:Infinity": 26,
        "f:253:22:253:23": 15,
        "s:253:32:253:99": 82,
        "f:254:21:254:22": 16,
        "s:255:18:289:Infinity": 83,
        "b:257:47:257:69:257:69:257:88": 27,
        "b:260:56:260:78:260:78:260:97": 28,
        "b:265:25:265:Infinity:266:26:266:Infinity": 29,
        "b:269:21:269:Infinity:270:22:287:Infinity": 30,
        "f:273:35:273:41": 17,
        "s:273:41:273:Infinity": 84,
        "f:281:35:281:41": 18,
        "s:281:41:281:Infinity": 85,
        "b:299:35:299:51:299:51:299:Infinity": 31,
        "b:303:40:303:51:303:51:303:78:303:78:303:95": 32,
        "f:307:32:307:33": 19,
        "s:308:20:308:Infinity": 86,
        "s:309:20:309:Infinity": 87,
        "b:314:40:314:51:314:51:314:77:314:77:314:94": 33,
        "f:318:32:318:33": 20,
        "s:319:20:319:Infinity": 88,
        "s:320:20:320:Infinity": 89,
        "f:327:77:327:78": 21,
        "s:328:20:341:Infinity": 90,
        "b:330:50:330:70:330:70:330:94": 34,
        "f:331:31:331:37": 22,
        "s:331:37:331:Infinity": 91,
        "b:336:26:336:46:336:46:336:Infinity": 35,
        "b:345:25:345:73:345:73:345:Infinity": 36,
        "f:350:29:350:35": 23,
        "s:351:22:351:Infinity": 92,
        "s:352:22:352:Infinity": 93,
        "b:370:46:370:71:370:71:370:73": 37,
        "b:375:12:379:Infinity:381:12:422:Infinity": 38,
        "f:385:35:385:36": 24,
        "s:386:16:420:Infinity": 94,
        "f:393:27:393:Infinity": 25,
        "s:394:20:394:Infinity": 95,
        "b:398:21:398:55:398:55:398:Infinity": 39,
        "b:399:21:399:Infinity:400:22:400:Infinity": 40,
        "b:402:21:402:Infinity:403:22:403:Infinity": 41,
        "b:411:31:412:75:412:75:412:Infinity": 42,
        "b:412:25:412:50:412:50:412:55": 43,
        "b:414:33:414:58:414:58:414:63": 44,
        "f:415:31:415:37": 26,
        "s:415:37:415:Infinity": 96,
        "f:441:29:441:35": 27,
        "s:441:35:441:Infinity": 97,
        "f:447:29:447:35": 28,
        "s:447:35:447:Infinity": 98,
        "b:447:35:447:55:447:55:447:Infinity": 45,
        "b:459:38:459:63:459:63:459:71": 46,
        "f:464:64:464:70": 29,
        "s:464:70:464:Infinity": 99,
        "s:476:15:813:Infinity": 100
      }
    }
  },
  "C:\\Users\\Ansyar\\Documents\\Upskilling\\mobile-apps\\habit-buddy\\app\\(auth)\\_layout.tsx": {
    "path": "C:\\Users\\Ansyar\\Documents\\Upskilling\\mobile-apps\\habit-buddy\\app\\(auth)\\_layout.tsx",
    "statementMap": {
      "0": { "start": { "line": 4, "column": 2 }, "end": { "line": 8, "column": null } }
    },
    "fnMap": {
      "0": {
        "name": "AuthLayout",
        "decl": { "start": { "line": 3, "column": 24 }, "end": { "line": 3, "column": 37 } },
        "loc": { "start": { "line": 3, "column": 37 }, "end": { "line": 10, "column": null } },
        "line": 3
      }
    },
    "branchMap": {},
    "s": { "0": 0 },
    "f": { "0": 0 },
    "b": {},
    "meta": {
      "lastBranch": 0,
      "lastFunction": 1,
      "lastStatement": 1,
      "seen": { "f:3:24:3:37": 0, "s:4:2:8:Infinity": 0 }
    }
  },
  "C:\\Users\\Ansyar\\Documents\\Upskilling\\mobile-apps\\habit-buddy\\app\\(auth)\\onboarding.tsx": {
    "path": "C:\\Users\\Ansyar\\Documents\\Upskilling\\mobile-apps\\habit-buddy\\app\\(auth)\\onboarding.tsx",
    "statementMap": {
      "0": { "start": { "line": 9, "column": 16 }, "end": { "line": 16, "column": null } },
      "1": { "start": { "line": 18, "column": 16 }, "end": { "line": 21, "column": null } },
      "2": { "start": { "line": 24, "column": 22 }, "end": { "line": 24, "column": null } },
      "3": { "start": { "line": 25, "column": 42 }, "end": { "line": 25, "column": null } },
      "4": { "start": { "line": 26, "column": 40 }, "end": { "line": 26, "column": null } },
      "5": { "start": { "line": 27, "column": 24 }, "end": { "line": 27, "column": null } },
      "6": { "start": { "line": 28, "column": 8 }, "end": { "line": 28, "column": null } },
      "7": { "start": { "line": 29, "column": 27 }, "end": { "line": 29, "column": null } },
      "8": { "start": { "line": 31, "column": 27 }, "end": { "line": 38, "column": null } },
      "9": { "start": { "line": 32, "column": 4 }, "end": { "line": 32, "column": null } },
      "10": { "start": { "line": 33, "column": 4 }, "end": { "line": 37, "column": null } },
      "11": { "start": { "line": 34, "column": 6 }, "end": { "line": 34, "column": null } },
      "12": { "start": { "line": 36, "column": 6 }, "end": { "line": 36, "column": null } },
      "13": { "start": { "line": 40, "column": 8 }, "end": { "line": 40, "column": null } },
      "14": { "start": { "line": 42, "column": 33 }, "end": { "line": 60, "column": null } },
      "15": { "start": { "line": 43, "column": 4 }, "end": { "line": 43, "column": null } },
      "16": { "start": { "line": 43, "column": 22 }, "end": { "line": 43, "column": null } },
      "17": { "start": { "line": 45, "column": 4 }, "end": { "line": 59, "column": null } },
      "18": { "start": { "line": 46, "column": 26 }, "end": { "line": 50, "column": null } },
      "19": { "start": { "line": 52, "column": 22 }, "end": { "line": 52, "column": null } },
      "20": { "start": { "line": 53, "column": 6 }, "end": { "line": 56, "column": null } },
      "21": { "start": { "line": 54, "column": 8 }, "end": { "line": 54, "column": null } },
      "22": { "start": { "line": 55, "column": 8 }, "end": { "line": 55, "column": null } },
      "23": { "start": { "line": 58, "column": 6 }, "end": { "line": 58, "column": null } },
      "24": { "start": { "line": 62, "column": 2 }, "end": { "line": 116, "column": null } },
      "25": { "start": { "line": 83, "column": 10 }, "end": { "line": 90, "column": null } },
      "26": { "start": { "line": 87, "column": 27 }, "end": { "line": 87, "column": null } },
      "27": { "start": { "line": 97, "column": 10 }, "end": { "line": 105, "column": null } },
      "28": { "start": { "line": 101, "column": 27 }, "end": { "line": 101, "column": null } },
      "29": { "start": { "line": 120, "column": 25 }, "end": { "line": 122, "column": null } },
      "30": { "start": { "line": 124, "column": 15 }, "end": { "line": 241, "column": null } }
    },
    "fnMap": {
      "0": {
        "name": "OnboardingScreen",
        "decl": { "start": { "line": 23, "column": 24 }, "end": { "line": 23, "column": 43 } },
        "loc": { "start": { "line": 23, "column": 43 }, "end": { "line": 118, "column": null } },
        "line": 23
      },
      "1": {
        "name": "(anonymous_1)",
        "decl": { "start": { "line": 31, "column": 27 }, "end": { "line": 31, "column": 28 } },
        "loc": { "start": { "line": 31, "column": 45 }, "end": { "line": 38, "column": null } },
        "line": 31
      },
      "2": {
        "name": "(anonymous_2)",
        "decl": { "start": { "line": 42, "column": 33 }, "end": { "line": 42, "column": 45 } },
        "loc": { "start": { "line": 42, "column": 45 }, "end": { "line": 60, "column": null } },
        "line": 42
      },
      "3": {
        "name": "(anonymous_3)",
        "decl": { "start": { "line": 82, "column": 21 }, "end": { "line": 82, "column": 22 } },
        "loc": { "start": { "line": 83, "column": 10 }, "end": { "line": 90, "column": null } },
        "line": 83
      },
      "4": {
        "name": "(anonymous_4)",
        "decl": { "start": { "line": 87, "column": 21 }, "end": { "line": 87, "column": 27 } },
        "loc": { "start": { "line": 87, "column": 27 }, "end": { "line": 87, "column": null } },
        "line": 87
      },
      "5": {
        "name": "(anonymous_5)",
        "decl": { "start": { "line": 96, "column": 21 }, "end": { "line": 96, "column": 22 } },
        "loc": { "start": { "line": 97, "column": 10 }, "end": { "line": 105, "column": null } },
        "line": 97
      },
      "6": {
        "name": "(anonymous_6)",
        "decl": { "start": { "line": 101, "column": 21 }, "end": { "line": 101, "column": 27 } },
        "loc": { "start": { "line": 101, "column": 27 }, "end": { "line": 101, "column": null } },
        "line": 101
      }
    },
    "branchMap": {
      "0": {
        "loc": { "start": { "line": 33, "column": 4 }, "end": { "line": 37, "column": null } },
        "type": "if",
        "locations": [
          { "start": { "line": 33, "column": 4 }, "end": { "line": 37, "column": null } },
          { "start": { "line": 35, "column": 11 }, "end": { "line": 37, "column": null } }
        ],
        "line": 33
      },
      "1": {
        "loc": { "start": { "line": 43, "column": 4 }, "end": { "line": 43, "column": null } },
        "type": "if",
        "locations": [
          { "start": { "line": 43, "column": 4 }, "end": { "line": 43, "column": null } },
          { "start": {}, "end": {} }
        ],
        "line": 43
      },
      "2": {
        "loc": { "start": { "line": 52, "column": 70 }, "end": { "line": 52, "column": 86 } },
        "type": "binary-expr",
        "locations": [
          { "start": { "line": 52, "column": 70 }, "end": { "line": 52, "column": 82 } },
          { "start": { "line": 52, "column": 82 }, "end": { "line": 52, "column": 86 } }
        ],
        "line": 52
      },
      "3": {
        "loc": { "start": { "line": 53, "column": 6 }, "end": { "line": 56, "column": null } },
        "type": "if",
        "locations": [
          { "start": { "line": 53, "column": 6 }, "end": { "line": 56, "column": null } },
          { "start": {}, "end": {} }
        ],
        "line": 53
      },
      "4": {
        "loc": { "start": { "line": 70, "column": 32 }, "end": { "line": 70, "column": 60 } },
        "type": "binary-expr",
        "locations": [
          { "start": { "line": 70, "column": 32 }, "end": { "line": 70, "column": 43 } },
          { "start": { "line": 70, "column": 43 }, "end": { "line": 70, "column": 60 } }
        ],
        "line": 70
      },
      "5": {
        "loc": { "start": { "line": 77, "column": 9 }, "end": { "line": 77, "column": null } },
        "type": "binary-expr",
        "locations": [
          { "start": { "line": 77, "column": 9 }, "end": { "line": 77, "column": 20 } },
          { "start": { "line": 77, "column": 20 }, "end": { "line": 77, "column": null } }
        ],
        "line": 77
      },
      "6": {
        "loc": { "start": { "line": 86, "column": 41 }, "end": { "line": 86, "column": 94 } },
        "type": "binary-expr",
        "locations": [
          { "start": { "line": 86, "column": 41 }, "end": { "line": 86, "column": 73 } },
          { "start": { "line": 86, "column": 73 }, "end": { "line": 86, "column": 94 } }
        ],
        "line": 86
      },
      "7": {
        "loc": { "start": { "line": 100, "column": 40 }, "end": { "line": 100, "column": 90 } },
        "type": "binary-expr",
        "locations": [
          { "start": { "line": 100, "column": 40 }, "end": { "line": 100, "column": 70 } },
          { "start": { "line": 100, "column": 70 }, "end": { "line": 100, "column": 90 } }
        ],
        "line": 100
      },
      "8": {
        "loc": { "start": { "line": 110, "column": 33 }, "end": { "line": 110, "column": 70 } },
        "type": "binary-expr",
        "locations": [
          { "start": { "line": 110, "column": 33 }, "end": { "line": 110, "column": 49 } },
          { "start": { "line": 110, "column": 49 }, "end": { "line": 110, "column": 70 } }
        ],
        "line": 110
      }
    },
    "s": {
      "0": 1,
      "1": 1,
      "2": 9,
      "3": 9,
      "4": 9,
      "5": 9,
      "6": 9,
      "7": 9,
      "8": 9,
      "9": 3,
      "10": 3,
      "11": 1,
      "12": 2,
      "13": 9,
      "14": 9,
      "15": 1,
      "16": 0,
      "17": 1,
      "18": 1,
      "19": 1,
      "20": 1,
      "21": 1,
      "22": 1,
      "23": 0,
      "24": 9,
      "25": 54,
      "26": 1,
      "27": 18,
      "28": 1,
      "29": 1,
      "30": 1
    },
    "f": { "0": 9, "1": 3, "2": 1, "3": 54, "4": 1, "5": 18, "6": 1 },
    "b": {
      "0": [1, 2],
      "1": [0, 1],
      "2": [1, 0],
      "3": [1, 0],
      "4": [9, 1],
      "5": [9, 1],
      "6": [54, 9],
      "7": [18, 9],
      "8": [9, 6]
    },
    "meta": {
      "lastBranch": 9,
      "lastFunction": 7,
      "lastStatement": 31,
      "seen": {
        "s:9:16:16:Infinity": 0,
        "s:18:16:21:Infinity": 1,
        "f:23:24:23:43": 0,
        "s:24:22:24:Infinity": 2,
        "s:25:42:25:Infinity": 3,
        "s:26:40:26:Infinity": 4,
        "s:27:24:27:Infinity": 5,
        "s:28:8:28:Infinity": 6,
        "s:29:27:29:Infinity": 7,
        "s:31:27:38:Infinity": 8,
        "f:31:27:31:28": 1,
        "s:32:4:32:Infinity": 9,
        "b:33:4:37:Infinity:35:11:37:Infinity": 0,
        "s:33:4:37:Infinity": 10,
        "s:34:6:34:Infinity": 11,
        "s:36:6:36:Infinity": 12,
        "s:40:8:40:Infinity": 13,
        "s:42:33:60:Infinity": 14,
        "f:42:33:42:45": 2,
        "b:43:4:43:Infinity:undefined:undefined:undefined:undefined": 1,
        "s:43:4:43:Infinity": 15,
        "s:43:22:43:Infinity": 16,
        "s:45:4:59:Infinity": 17,
        "s:46:26:50:Infinity": 18,
        "s:52:22:52:Infinity": 19,
        "b:52:70:52:82:52:82:52:86": 2,
        "b:53:6:56:Infinity:undefined:undefined:undefined:undefined": 3,
        "s:53:6:56:Infinity": 20,
        "s:54:8:54:Infinity": 21,
        "s:55:8:55:Infinity": 22,
        "s:58:6:58:Infinity": 23,
        "s:62:2:116:Infinity": 24,
        "b:70:32:70:43:70:43:70:60": 4,
        "b:77:9:77:20:77:20:77:Infinity": 5,
        "f:82:21:82:22": 3,
        "s:83:10:90:Infinity": 25,
        "b:86:41:86:73:86:73:86:94": 6,
        "f:87:21:87:27": 4,
        "s:87:27:87:Infinity": 26,
        "f:96:21:96:22": 5,
        "s:97:10:105:Infinity": 27,
        "b:100:40:100:70:100:70:100:90": 7,
        "f:101:21:101:27": 6,
        "s:101:27:101:Infinity": 28,
        "b:110:33:110:49:110:49:110:70": 8,
        "s:120:25:122:Infinity": 29,
        "s:124:15:241:Infinity": 30
      }
    }
  },
  "C:\\Users\\Ansyar\\Documents\\Upskilling\\mobile-apps\\habit-buddy\\app\\(auth)\\sign-in.tsx": {
    "path": "C:\\Users\\Ansyar\\Documents\\Upskilling\\mobile-apps\\habit-buddy\\app\\(auth)\\sign-in.tsx",
    "statementMap": {
      "0": { "start": { "line": 9, "column": 8 }, "end": { "line": 9, "column": null } },
      "1": { "start": { "line": 10, "column": 39 }, "end": { "line": 10, "column": null } },
      "2": { "start": { "line": 12, "column": 29 }, "end": { "line": 26, "column": null } },
      "3": { "start": { "line": 13, "column": 4 }, "end": { "line": 25, "column": null } },
      "4": { "start": { "line": 14, "column": 21 }, "end": { "line": 14, "column": null } },
      "5": { "start": { "line": 15, "column": 6 }, "end": { "line": 15, "column": null } },
      "6": { "start": { "line": 15, "column": 19 }, "end": { "line": 15, "column": null } },
      "7": { "start": { "line": 17, "column": 6 }, "end": { "line": 21, "column": null } },
      "8": { "start": { "line": 19, "column": 6 }, "end": { "line": 21, "column": null } },
      "9": { "start": { "line": 20, "column": 8 }, "end": { "line": 20, "column": null } },
      "10": { "start": { "line": 23, "column": 22 }, "end": { "line": 23, "column": null } },
      "11": { "start": { "line": 24, "column": 6 }, "end": { "line": 24, "column": null } },
      "12": { "start": { "line": 28, "column": 28 }, "end": { "line": 37, "column": null } },
      "13": { "start": { "line": 30, "column": 26 }, "end": { "line": 30, "column": null } },
      "14": { "start": { "line": 31, "column": 4 }, "end": { "line": 36, "column": null } },
      "15": { "start": { "line": 32, "column": 6 }, "end": { "line": 32, "column": null } },
      "16": { "start": { "line": 33, "column": 6 }, "end": { "line": 33, "column": null } },
      "17": { "start": { "line": 35, "column": 6 }, "end": { "line": 35, "column": null } },
      "18": { "start": { "line": 39, "column": 2 }, "end": { "line": 58, "column": null } },
      "19": { "start": { "line": 62, "column": 15 }, "end": { "line": 98, "column": null } }
    },
    "fnMap": {
      "0": {
        "name": "SignInScreen",
        "decl": { "start": { "line": 8, "column": 24 }, "end": { "line": 8, "column": 39 } },
        "loc": { "start": { "line": 8, "column": 39 }, "end": { "line": 60, "column": null } },
        "line": 8
      },
      "1": {
        "name": "(anonymous_1)",
        "decl": { "start": { "line": 12, "column": 29 }, "end": { "line": 12, "column": 41 } },
        "loc": { "start": { "line": 12, "column": 41 }, "end": { "line": 26, "column": null } },
        "line": 12
      },
      "2": {
        "name": "(anonymous_2)",
        "decl": { "start": { "line": 28, "column": 28 }, "end": { "line": 28, "column": 40 } },
        "loc": { "start": { "line": 28, "column": 40 }, "end": { "line": 37, "column": null } },
        "line": 28
      }
    },
    "branchMap": {
      "0": {
        "loc": { "start": { "line": 15, "column": 6 }, "end": { "line": 15, "column": null } },
        "type": "if",
        "locations": [
          { "start": { "line": 15, "column": 6 }, "end": { "line": 15, "column": null } },
          { "start": {}, "end": {} }
        ],
        "line": 15
      },
      "1": {
        "loc": { "start": { "line": 17, "column": 6 }, "end": { "line": 21, "column": null } },
        "type": "if",
        "locations": [
          { "start": { "line": 17, "column": 6 }, "end": { "line": 21, "column": null } },
          { "start": { "line": 19, "column": 6 }, "end": { "line": 21, "column": null } }
        ],
        "line": 17
      },
      "2": {
        "loc": { "start": { "line": 17, "column": 10 }, "end": { "line": 17, "column": 65 } },
        "type": "binary-expr",
        "locations": [
[...]
      "18": 4,
      "19": 2,
      "20": 2,
      "21": 2,
      "22": 2,
      "23": 1,
      "24": 1,
      "25": 2
    },
    "f": { "0": 2, "1": 10, "2": 12, "3": 9, "4": 4, "5": 2 },
    "b": { "0": [1, 3], "1": [1, 2], "2": [1, 1], "3": [1, 1] },
    "meta": {
      "lastBranch": 4,
      "lastFunction": 6,
      "lastStatement": 26,
      "seen": {
        "s:20:13:69:Infinity": 0,
        "f:20:46:20:47": 0,
        "s:20:56:69:2": 1,
        "f:24:11:24:12": 1,
        "s:24:21:24:Infinity": 2,
        "f:25:14:25:15": 2,
        "s:25:27:25:Infinity": 3,
        "f:26:14:26:15": 3,
        "s:26:29:26:Infinity": 4,
        "f:27:20:27:32": 4,
        "s:28:4:28:Infinity": 5,
        "s:29:4:57:Infinity": 6,
        "s:30:26:33:Infinity": 7,
        "s:35:20:35:Infinity": 8,
        "s:37:30:43:Infinity": 9,
        "b:45:6:45:Infinity:undefined:undefined:undefined:undefined": 0,
        "s:45:6:45:Infinity": 10,
        "s:45:17:45:Infinity": 11,
        "b:48:6:48:Infinity:undefined:undefined:undefined:undefined": 1,
        "s:48:6:48:Infinity": 12,
        "s:48:17:48:Infinity": 13,
        "b:50:6:50:Infinity:undefined:undefined:undefined:undefined": 2,
        "s:50:6:50:Infinity": 14,
        "s:50:21:50:Infinity": 15,
        "s:52:21:52:Infinity": 16,
        "s:54:6:54:Infinity": 17,
        "s:56:6:56:Infinity": 18,
        "f:59:11:59:23": 5,
        "s:60:4:60:Infinity": 19,
        "s:61:4:67:Infinity": 20,
        "s:62:24:62:Infinity": 21,
        "b:63:6:63:Infinity:undefined:undefined:undefined:undefined": 3,
        "s:63:6:63:Infinity": 22,
        "s:63:17:63:Infinity": 23,
        "s:64:6:64:Infinity": 24,
        "s:66:6:66:Infinity": 25
      }
    }
  },
  "C:\\Users\\Ansyar\\Documents\\Upskilling\\mobile-apps\\habit-buddy\\src\\store\\buddy_store.ts": {
    "path": "C:\\Users\\Ansyar\\Documents\\Upskilling\\mobile-apps\\habit-buddy\\src\\store\\buddy_store.ts",
    "statementMap": {
      "0": { "start": { "line": 16, "column": 13 }, "end": { "line": 25, "column": null } },
      "1": { "start": { "line": 16, "column": 58 }, "end": { "line": 25, "column": 2 } },
      "2": { "start": { "line": 19, "column": 22 }, "end": { "line": 19, "column": null } },
      "3": { "start": { "line": 20, "column": 22 }, "end": { "line": 20, "column": null } },
      "4": { "start": { "line": 21, "column": 23 }, "end": { "line": 21, "column": null } },
      "5": { "start": { "line": 22, "column": 25 }, "end": { "line": 22, "column": null } },
      "6": { "start": { "line": 23, "column": 21 }, "end": { "line": 23, "column": null } },
      "7": { "start": { "line": 24, "column": 15 }, "end": { "line": 24, "column": null } }
    },
    "fnMap": {
      "0": {
        "name": "(anonymous_0)",
        "decl": { "start": { "line": 16, "column": 48 }, "end": { "line": 16, "column": 49 } },
        "loc": { "start": { "line": 16, "column": 58 }, "end": { "line": 25, "column": 2 } },
        "line": 16
      },
      "1": {
        "name": "(anonymous_1)",
        "decl": { "start": { "line": 19, "column": 16 }, "end": { "line": 19, "column": 22 } },
        "loc": { "start": { "line": 19, "column": 22 }, "end": { "line": 19, "column": null } },
        "line": 19
      },
      "2": {
        "name": "(anonymous_2)",
        "decl": { "start": { "line": 20, "column": 16 }, "end": { "line": 20, "column": 22 } },
        "loc": { "start": { "line": 20, "column": 22 }, "end": { "line": 20, "column": null } },
        "line": 20
      },
      "3": {
        "name": "(anonymous_3)",
        "decl": { "start": { "line": 21, "column": 17 }, "end": { "line": 21, "column": 23 } },
        "loc": { "start": { "line": 21, "column": 23 }, "end": { "line": 21, "column": null } },
        "line": 21
      },
      "4": {
        "name": "(anonymous_4)",
        "decl": { "start": { "line": 22, "column": 19 }, "end": { "line": 22, "column": 25 } },
        "loc": { "start": { "line": 22, "column": 25 }, "end": { "line": 22, "column": null } },
        "line": 22
      },
      "5": {
        "name": "(anonymous_5)",
        "decl": { "start": { "line": 23, "column": 15 }, "end": { "line": 23, "column": 21 } },
        "loc": { "start": { "line": 23, "column": 21 }, "end": { "line": 23, "column": null } },
        "line": 23
      },
      "6": {
        "name": "(anonymous_6)",
        "decl": { "start": { "line": 24, "column": 9 }, "end": { "line": 24, "column": 15 } },
        "loc": { "start": { "line": 24, "column": 15 }, "end": { "line": 24, "column": null } },
        "line": 24
      }
    },
    "branchMap": {},
    "s": { "0": 8, "1": 8, "2": 15, "3": 3, "4": 1, "5": 4, "6": 3, "7": 9 },
    "f": { "0": 8, "1": 15, "2": 3, "3": 1, "4": 4, "5": 3, "6": 9 },
    "b": {},
    "meta": {
      "lastBranch": 0,
      "lastFunction": 7,
      "lastStatement": 8,
      "seen": {
        "s:16:13:25:Infinity": 0,
        "f:16:48:16:49": 0,
        "s:16:58:25:2": 1,
        "f:19:16:19:22": 1,
        "s:19:22:19:Infinity": 2,
        "f:20:16:20:22": 2,
        "s:20:22:20:Infinity": 3,
        "f:21:17:21:23": 3,
        "s:21:23:21:Infinity": 4,
        "f:22:19:22:25": 4,
        "s:22:25:22:Infinity": 5,
        "f:23:15:23:21": 5,
        "s:23:21:23:Infinity": 6,
        "f:24:9:24:15": 6,
        "s:24:15:24:Infinity": 7
      }
    }
  },
  "C:\\Users\\Ansyar\\Documents\\Upskilling\\mobile-apps\\habit-buddy\\src\\store\\habit_store.ts": {
    "path": "C:\\Users\\Ansyar\\Documents\\Upskilling\\mobile-apps\\habit-buddy\\src\\store\\habit_store.ts",
    "statementMap": {
      "0": { "start": { "line": 12, "column": 13 }, "end": { "line": 43, "column": null } },
      "1": { "start": { "line": 12, "column": 63 }, "end": { "line": 43, "column": 2 } },
      "2": { "start": { "line": 17, "column": 4 }, "end": { "line": 17, "column": null } },
      "3": { "start": { "line": 18, "column": 4 }, "end": { "line": 34, "column": null } },
      "4": { "start": { "line": 19, "column": 19 }, "end": { "line": 19, "column": null } },
      "5": { "start": { "line": 20, "column": 27 }, "end": { "line": 22, "column": null } },
      "6": { "start": { "line": 21, "column": 25 }, "end": { "line": 21, "column": 49 } },
      "7": { "start": { "line": 22, "column": 22 }, "end": { "line": 22, "column": 34 } },
      "8": { "start": { "line": 25, "column": 31 }, "end": { "line": 27, "column": null } },
      "9": { "start": { "line": 25, "column": 61 }, "end": { "line": 25, "column": 92 } },
      "10": { "start": { "line": 26, "column": 19 }, "end": { "line": 26, "column": null } },
      "11": { "start": { "line": 29, "column": 6 }, "end": { "line": 29, "column": null } },
      "12": { "start": { "line": 31, "column": 6 }, "end": { "line": 31, "column": null } },
      "13": { "start": { "line": 33, "column": 6 }, "end": { "line": 33, "column": null } },
      "14": { "start": { "line": 38, "column": 34 }, "end": { "line": 38, "column": null } },
      "15": { "start": { "line": 39, "column": 4 }, "end": { "line": 39, "column": null } },
      "16": { "start": { "line": 39, "column": 34 }, "end": { "line": 39, "column": null } },
      "17": { "start": { "line": 40, "column": 24 }, "end": { "line": 40, "column": null } },
      "18": { "start": { "line": 41, "column": 4 }, "end": { "line": 41, "column": null } }
    },
    "fnMap": {
      "0": {
        "name": "(anonymous_0)",
        "decl": { "start": { "line": 12, "column": 48 }, "end": { "line": 12, "column": 49 } },
        "loc": { "start": { "line": 12, "column": 63 }, "end": { "line": 43, "column": 2 } },
        "line": 12
      },
      "1": {
        "name": "(anonymous_1)",
        "decl": { "start": { "line": 16, "column": 20 }, "end": { "line": 16, "column": 27 } },
        "loc": { "start": { "line": 16, "column": 49 }, "end": { "line": 35, "column": null } },
        "line": 16
      },
      "2": {
        "name": "(anonymous_2)",
        "decl": { "start": { "line": 21, "column": 16 }, "end": { "line": 21, "column": 17 } },
        "loc": { "start": { "line": 21, "column": 25 }, "end": { "line": 21, "column": 49 } },
        "line": 21
      },
      "3": {
        "name": "(anonymous_3)",
        "decl": { "start": { "line": 22, "column": 13 }, "end": { "line": 22, "column": 14 } },
        "loc": { "start": { "line": 22, "column": 22 }, "end": { "line": 22, "column": 34 } },
        "line": 22
      },
      "4": {
        "name": "(anonymous_4)",
        "decl": { "start": { "line": 25, "column": 50 }, "end": { "line": 25, "column": 51 } },
        "loc": { "start": { "line": 25, "column": 61 }, "end": { "line": 25, "column": 92 } },
        "line": 25
      },
      "5": {
        "name": "(anonymous_5)",
        "decl": { "start": { "line": 26, "column": 8 }, "end": { "line": 26, "column": 9 } },
        "loc": { "start": { "line": 26, "column": 19 }, "end": { "line": 26, "column": null } },
        "line": 26
      },
      "6": {
        "name": "(anonymous_6)",
        "decl": { "start": { "line": 37, "column": 27 }, "end": { "line": 37, "column": 33 } },
        "loc": { "start": { "line": 37, "column": 33 }, "end": { "line": 42, "column": null } },
        "line": 37
      }
    },
    "branchMap": {
      "0": {
        "loc": { "start": { "line": 39, "column": 4 }, "end": { "line": 39, "column": null } },
        "type": "if",
        "locations": [
          { "start": { "line": 39, "column": 4 }, "end": { "line": 39, "column": null } },
          { "start": {}, "end": {} }
        ],
        "line": 39
      }
    },
    "s": {
      "0": 2,
      "1": 2,
      "2": 8,
      "3": 8,
      "4": 8,
      "5": 7,
      "6": 8,
      "7": 8,
      "8": 7,
      "9": 21,
      "10": 8,
      "11": 7,
      "12": 1,
      "13": 8,
      "14": 9,
      "15": 9,
      "16": 0,
      "17": 9,
      "18": 9
    },
    "f": { "0": 2, "1": 8, "2": 8, "3": 8, "4": 21, "5": 8, "6": 9 },
    "b": { "0": [0, 9] },
    "meta": {
      "lastBranch": 1,
      "lastFunction": 7,
      "lastStatement": 19,
      "seen": {
        "s:12:13:43:Infinity": 0,
        "f:12:48:12:49": 0,
        "s:12:63:43:2": 1,
        "f:16:20:16:27": 1,
        "s:17:4:17:Infinity": 2,
        "s:18:4:34:Infinity": 3,
        "s:19:19:19:Infinity": 4,
        "s:20:27:22:Infinity": 5,
        "f:21:16:21:17": 2,
        "s:21:25:21:49": 6,
        "f:22:13:22:14": 3,
        "s:22:22:22:34": 7,
        "s:25:31:27:Infinity": 8,
        "f:25:50:25:51": 4,
        "s:25:61:25:92": 9,
        "f:26:8:26:9": 5,
        "s:26:19:26:Infinity": 10,
        "s:29:6:29:Infinity": 11,
        "s:31:6:31:Infinity": 12,
        "s:33:6:33:Infinity": 13,
        "f:37:27:37:33": 6,
        "s:38:34:38:Infinity": 14,
        "b:39:4:39:Infinity:undefined:undefined:undefined:undefined": 0,
        "s:39:4:39:Infinity": 15,
        "s:39:34:39:Infinity": 16,
        "s:40:24:40:Infinity": 17,
        "s:41:4:41:Infinity": 18
      }
    }
  },
  "C:\\Users\\Ansyar\\Documents\\Upskilling\\mobile-apps\\habit-buddy\\src\\theme\\Colors.ts": {
    "path": "C:\\Users\\Ansyar\\Documents\\Upskilling\\mobile-apps\\habit-buddy\\src\\theme\\Colors.ts",
    "statementMap": {
      "0": { "start": { "line": 1, "column": 25 }, "end": { "line": 26, "column": null } },
      "1": { "start": { "line": 28, "column": 29 }, "end": { "line": 39, "column": null } },
      "2": { "start": { "line": 29, "column": 2 }, "end": { "line": 38, "column": null } },
      "3": { "start": { "line": 31, "column": 6 }, "end": { "line": 31, "column": null } },
      "4": { "start": { "line": 33, "column": 6 }, "end": { "line": 33, "column": null } },
      "5": { "start": { "line": 35, "column": 6 }, "end": { "line": 35, "column": null } },
      "6": { "start": { "line": 37, "column": 6 }, "end": { "line": 37, "column": null } },
      "7": { "start": { "line": 42, "column": 22 }, "end": { "line": 57, "column": null } }
    },
    "fnMap": {
      "0": {
        "name": "(anonymous_0)",
        "decl": { "start": { "line": 28, "column": 29 }, "end": { "line": 28, "column": 30 } },
        "loc": { "start": { "line": 28, "column": 50 }, "end": { "line": 39, "column": null } },
        "line": 28
      }
    },
    "branchMap": {
      "0": {
        "loc": { "start": { "line": 29, "column": 2 }, "end": { "line": 38, "column": null } },
        "type": "switch",
        "locations": [
          { "start": { "line": 30, "column": 4 }, "end": { "line": 31, "column": null } },
          { "start": { "line": 32, "column": 4 }, "end": { "line": 33, "column": null } },
          { "start": { "line": 34, "column": 4 }, "end": { "line": 35, "column": null } },
          { "start": { "line": 36, "column": 4 }, "end": { "line": 37, "column": null } }
        ],
        "line": 29
      }
    },
    "s": { "0": 25, "1": 25, "2": 23, "3": 11, "4": 6, "5": 6, "6": 0, "7": 25 },
    "f": { "0": 23 },
    "b": { "0": [11, 6, 6, 0] },
    "meta": {
      "lastBranch": 1,
      "lastFunction": 1,
      "lastStatement": 8,
      "seen": {
        "s:1:25:26:Infinity": 0,
        "s:28:29:39:Infinity": 1,
        "f:28:29:28:30": 0,
        "b:30:4:31:Infinity:32:4:33:Infinity:34:4:35:Infinity:36:4:37:Infinity": 0,
        "s:29:2:38:Infinity": 2,
        "s:31:6:31:Infinity": 3,
        "s:33:6:33:Infinity": 4,
        "s:35:6:35:Infinity": 5,
        "s:37:6:37:Infinity": 6,
        "s:42:22:57:Infinity": 7
      }
    }
  },
  "C:\\Users\\Ansyar\\Documents\\Upskilling\\mobile-apps\\habit-buddy\\src\\utils\\validation.ts": {
    "path": "C:\\Users\\Ansyar\\Documents\\Upskilling\\mobile-apps\\habit-buddy\\src\\utils\\validation.ts",
    "statementMap": {
      "0": { "start": { "line": 1, "column": 33 }, "end": { "line": 7, "column": null } },
      "1": { "start": { "line": 2, "column": 18 }, "end": { "line": 2, "column": null } },
      "2": { "start": { "line": 3, "column": 2 }, "end": { "line": 5, "column": null } },
      "3": { "start": { "line": 4, "column": 4 }, "end": { "line": 4, "column": null } },
      "4": { "start": { "line": 6, "column": 2 }, "end": { "line": 6, "column": null } },
      "5": { "start": { "line": 9, "column": 35 }, "end": { "line": 15, "column": null } },
      "6": { "start": { "line": 10, "column": 18 }, "end": { "line": 10, "column": null } },
      "7": { "start": { "line": 11, "column": 2 }, "end": { "line": 13, "column": null } },
      "8": { "start": { "line": 12, "column": 4 }, "end": { "line": 12, "column": null } },
      "9": { "start": { "line": 14, "column": 2 }, "end": { "line": 14, "column": null } },
      "10": { "start": { "line": 17, "column": 32 }, "end": { "line": 23, "column": null } },
      "11": { "start": { "line": 18, "column": 22 }, "end": { "line": 18, "column": null } },
      "12": { "start": { "line": 19, "column": 2 }, "end": { "line": 21, "column": null } },
      "13": { "start": { "line": 20, "column": 4 }, "end": { "line": 20, "column": null } },
      "14": { "start": { "line": 22, "column": 2 }, "end": { "line": 22, "column": null } }
    },
    "fnMap": {
      "0": {
        "name": "(anonymous_0)",
        "decl": { "start": { "line": 1, "column": 33 }, "end": { "line": 1, "column": 34 } },
        "loc": { "start": { "line": 1, "column": 66 }, "end": { "line": 7, "column": null } },
        "line": 1
      },
      "1": {
        "name": "(anonymous_1)",
        "decl": { "start": { "line": 9, "column": 35 }, "end": { "line": 9, "column": 36 } },
        "loc": { "start": { "line": 9, "column": 69 }, "end": { "line": 15, "column": null } },
        "line": 9
      },
      "2": {
        "name": "(anonymous_2)",
        "decl": { "start": { "line": 17, "column": 32 }, "end": { "line": 17, "column": 33 } },
        "loc": { "start": { "line": 17, "column": 74 }, "end": { "line": 23, "column": null } },
        "line": 17
      }
    },
    "branchMap": {
      "0": {
        "loc": { "start": { "line": 3, "column": 2 }, "end": { "line": 5, "column": null } },
        "type": "if",
        "locations": [
          { "start": { "line": 3, "column": 2 }, "end": { "line": 5, "column": null } },
          { "start": {}, "end": {} }
        ],
        "line": 3
      },
      "1": {
        "loc": { "start": { "line": 3, "column": 6 }, "end": { "line": 3, "column": 49 } },
        "type": "binary-expr",
        "locations": [
          { "start": { "line": 3, "column": 6 }, "end": { "line": 3, "column": 28 } },
          { "start": { "line": 3, "column": 28 }, "end": { "line": 3, "column": 49 } }
        ],
        "line": 3
      },
      "2": {
        "loc": { "start": { "line": 11, "column": 2 }, "end": { "line": 13, "column": null } },
        "type": "if",
        "locations": [
          { "start": { "line": 11, "column": 2 }, "end": { "line": 13, "column": null } },
          { "start": {}, "end": {} }
        ],
        "line": 11
      },
      "3": {
        "loc": { "start": { "line": 11, "column": 6 }, "end": { "line": 11, "column": 49 } },
        "type": "binary-expr",
        "locations": [
          { "start": { "line": 11, "column": 6 }, "end": { "line": 11, "column": 28 } },
          { "start": { "line": 11, "column": 28 }, "end": { "line": 11, "column": 49 } }
        ],
        "line": 11
      },
      "4": {
        "loc": { "start": { "line": 18, "column": 22 }, "end": { "line": 18, "column": null } },
        "type": "cond-expr",
        "locations": [
          { "start": { "line": 18, "column": 49 }, "end": { "line": 18, "column": 70 } },
          { "start": { "line": 18, "column": 70 }, "end": { "line": 18, "column": null } }
        ],
        "line": 18
      },
      "5": {
        "loc": { "start": { "line": 19, "column": 2 }, "end": { "line": 21, "column": null } },
        "type": "if",
        "locations": [
          { "start": { "line": 19, "column": 2 }, "end": { "line": 21, "column": null } },
          { "start": {}, "end": {} }
        ],
        "line": 19
      },
      "6": {
        "loc": { "start": { "line": 19, "column": 6 }, "end": { "line": 19, "column": 66 } },
        "type": "binary-expr",
        "locations": [
          { "start": { "line": 19, "column": 6 }, "end": { "line": 19, "column": 28 } },
          { "start": { "line": 19, "column": 28 }, "end": { "line": 19, "column": 47 } },
          { "start": { "line": 19, "column": 47 }, "end": { "line": 19, "column": 66 } }
        ],
        "line": 19
      }
    },
    "s": {
      "0": 9,
      "1": 15,
      "2": 15,
      "3": 10,
      "4": 5,
      "5": 9,
      "6": 10,
      "7": 10,
      "8": 4,
      "9": 6,
      "10": 9,
      "11": 12,
      "12": 12,
      "13": 6,
      "14": 6
    },
    "f": { "0": 15, "1": 10, "2": 12 },
    "b": {
      "0": [10, 5],
      "1": [15, 8],
      "2": [4, 6],
      "3": [10, 8],
      "4": [7, 5],
      "5": [6, 6],
      "6": [12, 11, 8]
    },
    "meta": {
      "lastBranch": 7,
      "lastFunction": 3,
      "lastStatement": 15,
      "seen": {
        "s:1:33:7:Infinity": 0,
        "f:1:33:1:34": 0,
        "s:2:18:2:Infinity": 1,
        "b:3:2:5:Infinity:undefined:undefined:undefined:undefined": 0,
        "s:3:2:5:Infinity": 2,
        "b:3:6:3:28:3:28:3:49": 1,
        "s:4:4:4:Infinity": 3,
        "s:6:2:6:Infinity": 4,
        "s:9:35:15:Infinity": 5,
        "f:9:35:9:36": 1,
        "s:10:18:10:Infinity": 6,
        "b:11:2:13:Infinity:undefined:undefined:undefined:undefined": 2,
        "s:11:2:13:Infinity": 7,
        "b:11:6:11:28:11:28:11:49": 3,
        "s:12:4:12:Infinity": 8,
        "s:14:2:14:Infinity": 9,
        "s:17:32:23:Infinity": 10,
        "f:17:32:17:33": 2,
        "s:18:22:18:Infinity": 11,
        "b:18:49:18:70:18:70:18:Infinity": 4,
        "b:19:2:21:Infinity:undefined:undefined:undefined:undefined": 5,
        "s:19:2:21:Infinity": 12,
        "b:19:6:19:28:19:28:19:47:19:47:19:66": 6,
        "s:20:4:20:Infinity": 13,
        "s:22:2:22:Infinity": 14
      }
    }
  }
}
